This is pdfTeX, Version 3.141592653-2.6-1.40.29 (TeX Live 2026) (preloaded format=pdflatex 2026.4.1)  10 JUN 2026 16:19
entering extended mode
 restricted \write18 enabled.
 %&-line parsing enabled.
**DoAn.tex
(./DoAn.tex
LaTeX2e <2025-11-01>
L3 programming layer <2026-03-20>
(/opt/texlive/texdir/texmf-dist/tex/latex/base/report.cls
Document Class: report 2025/01/22 v1.4n Standard LaTeX document class
(/opt/texlive/texdir/texmf-dist/tex/latex/base/size10.clo
File: size10.clo 2025/01/22 v1.4n Standard LaTeX file (size option)
)
\c@part=\count275
\c@chapter=\count276
\c@section=\count277
\c@subsection=\count278
\c@subsubsection=\count279
\c@paragraph=\count280
\c@subparagraph=\count281
\c@figure=\count282
\c@table=\count283
\abovecaptionskip=\skip49
\belowcaptionskip=\skip50
\bibindent=\dimen150
)
(/opt/texlive/texdir/texmf-dist/tex/latex/koma-script/scrextend.sty
Package: scrextend 2026/02/02 v3.49.2 KOMA-Script package (extend other classes
 with features of KOMA-Script classes)

(/opt/texlive/texdir/texmf-dist/tex/latex/koma-script/scrkbase.sty
Package: scrkbase 2026/02/02 v3.49.2 KOMA-Script package (KOMA-Script-dependent
 basics and keyval usage)

(/opt/texlive/texdir/texmf-dist/tex/latex/koma-script/scrbase.sty
Package: scrbase 2026/02/02 v3.49.2 KOMA-Script package (KOMA-Script-independen
t basics and keyval usage)

(/opt/texlive/texdir/texmf-dist/tex/latex/koma-script/scrlfile.sty
Package: scrlfile 2026/02/02 v3.49.2 KOMA-Script package (file load hooks)

(/opt/texlive/texdir/texmf-dist/tex/latex/koma-script/scrlfile-hook.sty
Package: scrlfile-hook 2026/02/02 v3.49.2 KOMA-Script package (using LaTeX hook
s)

(/opt/texlive/texdir/texmf-dist/tex/latex/koma-script/scrlogo.sty
Package: scrlogo 2026/02/02 v3.49.2 KOMA-Script package (logo)
)))
(/opt/texlive/texdir/texmf-dist/tex/latex/graphics/keyval.sty
Package: keyval 2022/05/29 v1.15 key=value parser (DPC)
\KV@toks@=\toks17
)
Applying: [2021/05/01] Usage of raw or classic option list on input line 254.
Already applied: [0000/00/00] Usage of raw or classic option list on input line
 370.
)))

LaTeX Font Warning: Font shape `OT1/cmr/m/n' in size <13> not available
(Font)              size <12> substituted on input line 3.

(/opt/texlive/texdir/texmf-dist/tex/latex/vntex/vietnam.sty
Package: vietnam 2009/07/12 v1.3 support for Vietnamese

(/opt/texlive/texdir/texmf-dist/tex/latex/base/ifthen.sty
Package: ifthen 2024/03/16 v1.1e Standard LaTeX ifthen package (DPC)
)
(/opt/texlive/texdir/texmf-dist/tex/latex/base/fontenc.sty
Package: fontenc 2025/07/18 v2.1d Standard LaTeX package

(/opt/texlive/texdir/texmf-dist/tex/latex/vntex/t5enc.def
File: t5enc.def 2006/11/21 v1.4 Vietnamese T5 encoding
Now handling font encoding T5 ...
... processing UTF-8 mapping file for font encoding T5

(/opt/texlive/texdir/texmf-dist/tex/latex/vntex/t5enc.dfu
File: t5enc.dfu 2006/08/19 v1.1 UTF8 support for Vietnamese
   defining Unicode char U+00AB (decimal 171)
   defining Unicode char U+00BB (decimal 187)
   defining Unicode char U+00C0 (decimal 192)
   defining Unicode char U+00C1 (decimal 193)
   defining Unicode char U+00C2 (decimal 194)
   defining Unicode char U+00C3 (decimal 195)
   defining Unicode char U+00C8 (decimal 200)
   defining Unicode char U+00C9 (decimal 201)
   defining Unicode char U+00CA (decimal 202)
   defining Unicode char U+00CC (decimal 204)
   defining Unicode char U+00CD (decimal 205)
   defining Unicode char U+00D2 (decimal 210)
   defining Unicode char U+00D3 (decimal 211)
   defining Unicode char U+00D4 (decimal 212)
   defining Unicode char U+00D5 (decimal 213)
   defining Unicode char U+00D9 (decimal 217)
   defining Unicode char U+00DA (decimal 218)
   defining Unicode char U+00DD (decimal 221)
   defining Unicode char U+00E0 (decimal 224)
   defining Unicode char U+00E1 (decimal 225)
   defining Unicode char U+00E2 (decimal 226)
   defining Unicode char U+00E3 (decimal 227)
   defining Unicode char U+00E8 (decimal 232)
   defining Unicode char U+00E9 (decimal 233)
   defining Unicode char U+00EA (decimal 234)
   defining Unicode char U+00EC (decimal 236)
   defining Unicode char U+00ED (decimal 237)
   defining Unicode char U+00F2 (decimal 242)
   defining Unicode char U+00F3 (decimal 243)
   defining Unicode char U+00F4 (decimal 244)
   defining Unicode char U+00F5 (decimal 245)
   defining Unicode char U+00F9 (decimal 249)
   defining Unicode char U+00FA (decimal 250)
   defining Unicode char U+00FD (decimal 253)
   defining Unicode char U+0102 (decimal 258)
   defining Unicode char U+0103 (decimal 259)
   defining Unicode char U+0110 (decimal 272)
   defining Unicode char U+0111 (decimal 273)
   defining Unicode char U+0128 (decimal 296)
   defining Unicode char U+0129 (decimal 297)
   defining Unicode char U+0131 (decimal 305)
   defining Unicode char U+0168 (decimal 360)
   defining Unicode char U+0169 (decimal 361)
   defining Unicode char U+01A0 (decimal 416)
   defining Unicode char U+01A1 (decimal 417)
   defining Unicode char U+01AF (decimal 431)
   defining Unicode char U+01B0 (decimal 432)
   defining Unicode char U+1EA0 (decimal 7840)
   defining Unicode char U+1EA1 (decimal 7841)
   defining Unicode char U+1EA2 (decimal 7842)
   defining Unicode char U+1EA3 (decimal 7843)
   defining Unicode char U+1EA4 (decimal 7844)
   defining Unicode char U+1EA5 (decimal 7845)
   defining Unicode char U+1EA6 (decimal 7846)
   defining Unicode char U+1EA7 (decimal 7847)
   defining Unicode char U+1EA8 (decimal 7848)
   defining Unicode char U+1EA9 (decimal 7849)
   defining Unicode char U+1EAA (decimal 7850)
   defining Unicode char U+1EAB (decimal 7851)
   defining Unicode char U+1EAC (decimal 7852)
   defining Unicode char U+1EAD (decimal 7853)
   defining Unicode char U+1EAE (decimal 7854)
   defining Unicode char U+1EAF (decimal 7855)
   defining Unicode char U+1EB0 (decimal 7856)
   defining Unicode char U+1EB1 (decimal 7857)
   defining Unicode char U+1EB2 (decimal 7858)
   defining Unicode char U+1EB3 (decimal 7859)
   defining Unicode char U+1EB4 (decimal 7860)
   defining Unicode char U+1EB5 (decimal 7861)
   defining Unicode char U+1EB6 (decimal 7862)
   defining Unicode char U+1EB7 (decimal 7863)
   defining Unicode char U+1EB8 (decimal 7864)
   defining Unicode char U+1EB9 (decimal 7865)
   defining Unicode char U+1EBA (decimal 7866)
   defining Unicode char U+1EBB (decimal 7867)
   defining Unicode char U+1EBC (decimal 7868)
   defining Unicode char U+1EBD (decimal 7869)
   defining Unicode char U+1EBE (decimal 7870)
   defining Unicode char U+1EBF (decimal 7871)
   defining Unicode char U+1EC0 (decimal 7872)
   defining Unicode char U+1EC1 (decimal 7873)
   defining Unicode char U+1EC2 (decimal 7874)
   defining Unicode char U+1EC3 (decimal 7875)
   defining Unicode char U+1EC4 (decimal 7876)
   defining Unicode char U+1EC5 (decimal 7877)
   defining Unicode char U+1EC6 (decimal 7878)
   defining Unicode char U+1EC7 (decimal 7879)
   defining Unicode char U+1EC8 (decimal 7880)
   defining Unicode char U+1EC9 (decimal 7881)
   defining Unicode char U+1ECA (decimal 7882)
   defining Unicode char U+1ECB (decimal 7883)
   defining Unicode char U+1ECC (decimal 7884)
   defining Unicode char U+1ECD (decimal 7885)
   defining Unicode char U+1ECE (decimal 7886)
   defining Unicode char U+1ECF (decimal 7887)
   defining Unicode char U+1ED0 (decimal 7888)
   defining Unicode char U+1ED1 (decimal 7889)
   defining Unicode char U+1ED2 (decimal 7890)
   defining Unicode char U+1ED3 (decimal 7891)
   defining Unicode char U+1ED4 (decimal 7892)
   defining Unicode char U+1ED5 (decimal 7893)
   defining Unicode char U+1ED6 (decimal 7894)
   defining Unicode char U+1ED7 (decimal 7895)
   defining Unicode char U+1ED8 (decimal 7896)
   defining Unicode char U+1ED9 (decimal 7897)
   defining Unicode char U+1EDA (decimal 7898)
   defining Unicode char U+1EDB (decimal 7899)
   defining Unicode char U+1EDC (decimal 7900)
   defining Unicode char U+1EDD (decimal 7901)
   defining Unicode char U+1EDE (decimal 7902)
   defining Unicode char U+1EDF (decimal 7903)
   defining Unicode char U+1EE0 (decimal 7904)
   defining Unicode char U+1EE1 (decimal 7905)
   defining Unicode char U+1EE2 (decimal 7906)
   defining Unicode char U+1EE3 (decimal 7907)
   defining Unicode char U+1EE4 (decimal 7908)
   defining Unicode char U+1EE5 (decimal 7909)
   defining Unicode char U+1EE6 (decimal 7910)
   defining Unicode char U+1EE7 (decimal 7911)
   defining Unicode char U+1EE8 (decimal 7912)
   defining Unicode char U+1EE9 (decimal 7913)
   defining Unicode char U+1EEA (decimal 7914)
   defining Unicode char U+1EEB (decimal 7915)
   defining Unicode char U+1EEC (decimal 7916)
   defining Unicode char U+1EED (decimal 7917)
   defining Unicode char U+1EEE (decimal 7918)
   defining Unicode char U+1EEF (decimal 7919)
   defining Unicode char U+1EF0 (decimal 7920)
   defining Unicode char U+1EF1 (decimal 7921)
   defining Unicode char U+1EF2 (decimal 7922)
   defining Unicode char U+1EF3 (decimal 7923)
   defining Unicode char U+1EF4 (decimal 7924)
   defining Unicode char U+1EF5 (decimal 7925)
   defining Unicode char U+1EF6 (decimal 7926)
   defining Unicode char U+1EF7 (decimal 7927)
   defining Unicode char U+1EF8 (decimal 7928)
   defining Unicode char U+1EF9 (decimal 7929)
   defining Unicode char U+200C (decimal 8204)
   defining Unicode char U+2013 (decimal 8211)
   defining Unicode char U+2014 (decimal 8212)
   defining Unicode char U+2018 (decimal 8216)
   defining Unicode char U+2019 (decimal 8217)
   defining Unicode char U+201A (decimal 8218)
   defining Unicode char U+201C (decimal 8220)
   defining Unicode char U+201D (decimal 8221)
   defining Unicode char U+201E (decimal 8222)
   defining Unicode char U+2030 (decimal 8240)
   defining Unicode char U+2031 (decimal 8241)
   defining Unicode char U+2039 (decimal 8249)
   defining Unicode char U+203A (decimal 8250)
   defining Unicode char U+2423 (decimal 9251)
))
LaTeX Font Info:    Trying to load font information for T5+cmr on input line 11
6.

(/opt/texlive/texdir/texmf-dist/tex/latex/vntex/t5cmr.fd
File: t5cmr.fd 1999/05/25 v2.5h Standard LaTeX font definitions
))
(/opt/texlive/texdir/texmf-dist/tex/latex/base/inputenc.sty
Package: inputenc 2024/02/08 v1.3d Input encoding file
\inpenc@prehook=\toks18
\inpenc@posthook=\toks19
)
(/opt/texlive/texdir/texmf-dist/tex/latex/vntex/vncaps.tex
File: vncaps.tex 2006/06/07 v1.1 Captions in Vietnamese
))
(/opt/texlive/texdir/texmf-dist/tex/latex/geometry/geometry.sty
Package: geometry 2026/03/07 v6.0 Page Geometry

(/opt/texlive/texdir/texmf-dist/tex/generic/iftex/ifvtex.sty
Package: ifvtex 2019/10/25 v1.7 ifvtex legacy package. Use iftex instead.

(/opt/texlive/texdir/texmf-dist/tex/generic/iftex/iftex.sty
Package: iftex 2024/12/12 v1.0g TeX engine tests
))
\Gm@cnth=\count284
\Gm@cntv=\count285
\c@Gm@tempcnt=\count286
\Gm@bindingoffset=\dimen151
\Gm@wd@mp=\dimen152
\Gm@odd@mp=\dimen153
\Gm@even@mp=\dimen154
\Gm@layoutwidth=\dimen155
\Gm@layoutheight=\dimen156
\Gm@layouthoffset=\dimen157
\Gm@layoutvoffset=\dimen158
\Gm@dimlist=\toks20
)
(/opt/texlive/texdir/texmf-dist/tex/latex/xurl/xurl.sty
Package: xurl 2022/01/09 v 0.10 modify URL breaks

(/opt/texlive/texdir/texmf-dist/tex/latex/url/url.sty
\Urlmuskip=\muskip17
Package: url 2013/09/16  ver 3.4  Verb mode for urls, etc.
))
(/opt/texlive/texdir/texmf-dist/tex/latex/appendix/appendix.sty
Package: appendix 2020/02/08 v1.2c extra appendix facilities
\c@@pps=\count287
\c@@ppsavesec=\count288
\c@@ppsaveapp=\count289
)
(/opt/texlive/texdir/texmf-dist/tex/generic/babel/babel.sty
Package: babel 2026/03/24 v26.5 The multilingual framework for LuaLaTeX, pdfLaT
eX and XeLaTeX
\babel@savecnt=\count290
LaTeX Encoding Info:    Redeclaring text command \ij (encoding OT1) on input li
ne 2078.
LaTeX Encoding Info:    Redeclaring text command \IJ (encoding OT1) on input li
ne 2080.
LaTeX Encoding Info:    Redeclaring text command \ij (encoding T1) on input lin
e 2082.
LaTeX Encoding Info:    Redeclaring text command \IJ (encoding T1) on input lin
e 2083.
LaTeX Encoding Info:    Ignoring declaration for text command \ij (encoding ?) 
on input line 2084.
LaTeX Encoding Info:    Ignoring declaration for text command \IJ (encoding ?) 
on input line 2086.
LaTeX Encoding Info:    Ignoring declaration for text command \SS (encoding ?) 
on input line 2111.
\U@D=\dimen159
\l@unhyphenated=\language91

(/opt/texlive/texdir/texmf-dist/tex/generic/babel/txtbabel.def)
\bbl@readstream=\read2
\bbl@dirlevel=\count291
Package babel Info: You haven't specified a language as a class or package
(babel)             option. I'll load 'nil'. Reported on input line 4265.
Package babel Info: Importing font and identification data for nil
(babel)             from babel-und-x-nil.ini. Reported on input line 4330.

(/opt/texlive/texdir/texmf-dist/tex/generic/babel/nil.ldf
Language: nil 2026/03/24 v26.5 Nil language
\l@nil=\language92
))
(/opt/texlive/texdir/texmf-dist/tex/latex/xcolor/xcolor.sty
Package: xcolor 2024/09/29 v3.02 LaTeX color extensions (UK)

(/opt/texlive/texdir/texmf-dist/tex/latex/graphics-cfg/color.cfg
File: color.cfg 2016/01/02 v1.6 sample color configuration
)
Package xcolor Info: Driver file: pdftex.def on input line 274.

(/opt/texlive/texdir/texmf-dist/tex/latex/graphics-def/pdftex.def
File: pdftex.def 2025/09/29 v1.2d Graphics/color driver for pdftex
)
(/opt/texlive/texdir/texmf-dist/tex/latex/graphics/mathcolor.ltx)
Package xcolor Info: Model `cmy' substituted by `cmy0' on input line 1349.
Package xcolor Info: Model `hsb' substituted by `rgb' on input line 1353.
Package xcolor Info: Model `RGB' extended on input line 1365.
Package xcolor Info: Model `HTML' substituted by `rgb' on input line 1367.
Package xcolor Info: Model `Hsb' substituted by `hsb' on input line 1368.
Package xcolor Info: Model `tHsb' substituted by `hsb' on input line 1369.
Package xcolor Info: Model `HSB' substituted by `hsb' on input line 1370.
Package xcolor Info: Model `Gray' substituted by `gray' on input line 1371.
Package xcolor Info: Model `wave' substituted by `hsb' on input line 1372.
)
(/opt/texlive/texdir/texmf-dist/tex/latex/outlines/outlines.sty
Package: outlines 2012/1/23 1.1 Ch. Pecheur
)
(/opt/texlive/texdir/texmf-dist/tex/latex/graphics/graphicx.sty
Package: graphicx 2024/12/31 v1.2e Enhanced LaTeX Graphics (DPC,SPQR)

(/opt/texlive/texdir/texmf-dist/tex/latex/graphics/graphics.sty
Package: graphics 2024/08/06 v1.4g Standard LaTeX Graphics (DPC,SPQR)

(/opt/texlive/texdir/texmf-dist/tex/latex/graphics/trig.sty
Package: trig 2023/12/02 v1.11 sin cos tan (DPC)
)
(/opt/texlive/texdir/texmf-dist/tex/latex/graphics-cfg/graphics.cfg
File: graphics.cfg 2016/06/04 v1.11 sample graphics configuration
)
Package graphics Info: Driver file: pdftex.def on input line 106.
)
\Gin@req@height=\dimen160
\Gin@req@width=\dimen161
)
(/opt/texlive/texdir/texmf-dist/tex/latex/fancybox/fancybox.sty
Package: fancybox 2010/05/15 1.4

Style option: `fancybox' v1.4 <2010/05/15> (tvz)
\@fancybox=\box53
\shadowsize=\dimen162
\@Sbox=\box54
\do@VerbBox=\toks21
\the@fancyput=\toks22
\this@fancyput=\toks23
\EndVerbatimTokens=\toks24
\Verbatim@Outfile=\write3
\Verbatim@Infile=\read3
) (/opt/texlive/texdir/texmf-dist/tex/latex/tools/indentfirst.sty
Package: indentfirst 2023/07/02 v1.03 Indent first paragraph (DPC)
)
(/opt/texlive/texdir/texmf-dist/tex/latex/amscls/amsthm.sty
Package: amsthm 2020/05/29 v2.20.6
\thm@style=\toks25
\thm@bodyfont=\toks26
\thm@headfont=\toks27
\thm@notefont=\toks28
\thm@headpunct=\toks29
\thm@preskip=\skip51
\thm@postskip=\skip52
\thm@headsep=\skip53
\dth@everypar=\toks30
)
(/opt/texlive/texdir/texmf-dist/tex/latex/base/latexsym.sty
Package: latexsym 1998/08/17 v2.2e Standard LaTeX package (lasy symbols)
\symlasy=\mathgroup4
LaTeX Font Info:    Overwriting symbol font `lasy' in version `bold'
(Font)                  U/lasy/m/n --> U/lasy/b/n on input line 52.
)
(/opt/texlive/texdir/texmf-dist/tex/latex/amsmath/amsmath.sty
Package: amsmath 2025/07/09 v2.17z AMS math features
\@mathmargin=\skip54

For additional information on amsmath, use the `?' option.
(/opt/texlive/texdir/texmf-dist/tex/latex/amsmath/amstext.sty
Package: amstext 2024/11/17 v2.01 AMS text

(/opt/texlive/texdir/texmf-dist/tex/latex/amsmath/amsgen.sty
File: amsgen.sty 1999/11/30 v2.0 generic functions
\@emptytoks=\toks31
\ex@=\dimen163
))
(/opt/texlive/texdir/texmf-dist/tex/latex/amsmath/amsbsy.sty
Package: amsbsy 1999/11/29 v1.2d Bold Symbols
\pmbraise@=\dimen164
)
(/opt/texlive/texdir/texmf-dist/tex/latex/amsmath/amsopn.sty
Package: amsopn 2022/04/08 v2.04 operator names
)
\inf@bad=\count292
LaTeX Info: Redefining \frac on input line 233.
\uproot@=\count293
\leftroot@=\count294
LaTeX Info: Redefining \overline on input line 398.
LaTeX Info: Redefining \colon on input line 409.
\classnum@=\count295
\DOTSCASE@=\count296
LaTeX Info: Redefining \ldots on input line 495.
LaTeX Info: Redefining \dots on input line 498.
LaTeX Info: Redefining \cdots on input line 619.
\Mathstrutbox@=\box55
\strutbox@=\box56
LaTeX Info: Redefining \big on input line 721.
LaTeX Info: Redefining \Big on input line 722.
LaTeX Info: Redefining \bigg on input line 723.
LaTeX Info: Redefining \Bigg on input line 724.
\big@size=\dimen165
LaTeX Font Info:    Redeclaring font encoding OML on input line 742.
LaTeX Font Info:    Redeclaring font encoding OMS on input line 743.
\macc@depth=\count297
LaTeX Info: Redefining \bmod on input line 904.
LaTeX Info: Redefining \pmod on input line 909.
LaTeX Info: Redefining \smash on input line 939.
LaTeX Info: Redefining \relbar on input line 969.
LaTeX Info: Redefining \Relbar on input line 970.
\c@MaxMatrixCols=\count298
\dotsspace@=\muskip18
\c@parentequation=\count299
\dspbrk@lvl=\count300
\tag@help=\toks32
\row@=\count301
\column@=\count302
\maxfields@=\count303
\andhelp@=\toks33
\eqnshift@=\dimen166
\alignsep@=\dimen167
\tagshift@=\dimen168
\tagwidth@=\dimen169
\totwidth@=\dimen170
\lineht@=\dimen171
\@envbody=\toks34
\multlinegap=\skip55
\multlinetaggap=\skip56
\mathdisplay@stack=\toks35
LaTeX Info: Redefining \[ on input line 2950.
LaTeX Info: Redefining \] on input line 2951.
)
(/opt/texlive/texdir/texmf-dist/tex/latex/amsfonts/amssymb.sty
Package: amssymb 2013/01/14 v3.01 AMS font symbols

(/opt/texlive/texdir/texmf-dist/tex/latex/amsfonts/amsfonts.sty
Package: amsfonts 2013/01/14 v3.01 Basic AMSFonts support
\symAMSa=\mathgroup5
\symAMSb=\mathgroup6
LaTeX Font Info:    Redeclaring math symbol \hbar on input line 98.
LaTeX Font Info:    Overwriting math alphabet `\mathfrak' in version `bold'
(Font)                  U/euf/m/n --> U/euf/b/n on input line 106.
))
(/opt/texlive/texdir/texmf-dist/tex/latex/psnfss/times.sty
Package: times 2020/03/25 PSNFSS-v9.3 (SPQR) 
)
(/opt/texlive/texdir/texmf-dist/tex/latex/tools/array.sty
Package: array 2025/09/25 v2.6n Tabular extension package (FMi)
\col@sep=\dimen172
\ar@mcellbox=\box57
\extrarowheight=\dimen173
\NC@list=\toks36
\extratabsurround=\skip57
\backup@length=\skip58
\ar@cellbox=\box58
)
(/opt/texlive/texdir/texmf-dist/tex/latex/enumitem/enumitem.sty
Package: enumitem 2025/02/06 v3.11 Customized lists
\labelindent=\skip59
\enit@outerparindent=\dimen174
\enit@toks=\toks37
\enit@inbox=\box59
\enit@count@id=\count304
\enitdp@description=\count305
)
(/opt/texlive/texdir/texmf-dist/tex/latex/subfiles/subfiles.sty
Package: subfiles 2020/11/14 v2.2 Multi-file projects (package)

(/opt/texlive/texdir/texmf-dist/tex/latex/import/import.sty
Package: import 2020/04/01  v 6.2
))
(/opt/texlive/texdir/texmf-dist/tex/latex/titlesec/titlesec.sty
Package: titlesec 2025/01/04 v2.17 Sectioning titles
\ttl@box=\box60
\beforetitleunit=\skip60
\aftertitleunit=\skip61
\ttl@plus=\dimen175
\ttl@minus=\dimen176
\ttl@toksa=\toks38
\titlewidth=\dimen177
\titlewidthlast=\dimen178
\titlewidthfirst=\dimen179
)
(/opt/texlive/texdir/texmf-dist/tex/latex/titlesec/titletoc.sty
Package: titletoc 2025/01/04 v2.17 TOC entries
\ttl@leftsep=\dimen180
)
(/opt/texlive/texdir/texmf-dist/tex/latex/chngcntr/chngcntr.sty
Package: chngcntr 2018/04/09 v1.1a change counter resetting
Package chngcntr Info: \counterwithout already defined.
(chngcntr)             Quitting chngcntr on input line 21.
)
(/opt/texlive/texdir/texmf-dist/tex/latex/pdflscape/pdflscape.sty
Package: pdflscape 2025-06-23 v0.14 Display of landscape pages in PDF

(/opt/texlive/texdir/texmf-dist/tex/latex/pdflscape/pdflscape-nometadata.sty
Package: pdflscape-nometadata 2025-06-23 v0.14 Display of landscape pages in PD
F (HO)

(/opt/texlive/texdir/texmf-dist/tex/latex/graphics/lscape.sty
Package: lscape 2020/05/28 v3.02 Landscape Pages (DPC)
)
Package pdflscape Info: Auto-detected driver: pdftex on input line 81.
))
(/opt/texlive/texdir/texmf-dist/tex/latex/tools/afterpage.sty
Package: afterpage 2023/07/04 v1.08 After-Page Package (DPC)
\AP@output=\toks39
\AP@partial=\box61
\AP@footins=\box62
)
(/opt/texlive/texdir/texmf-dist/tex/latex/algorithm2e/algorithm2e.sty
Package: algorithm2e 2017/07/18 v5.2 algorithms environments
\c@AlgoLine=\count306
\algocf@hangindent=\skip62

(/opt/texlive/texdir/texmf-dist/tex/latex/ifoddpage/ifoddpage.sty
Package: ifoddpage 2022/10/18 v1.2 Conditionals for odd/even page detection
\c@checkoddpage=\count307
)
(/opt/texlive/texdir/texmf-dist/tex/latex/tools/xspace.sty
Package: xspace 2014/10/28 v1.13 Space after command names (DPC,MH)
)
(/opt/texlive/texdir/texmf-dist/tex/latex/relsize/relsize.sty
Package: relsize 2013/03/29 ver 4.1
)
\skiptotal=\skip63
\skiplinenumber=\skip64
\skiprule=\skip65
\skiphlne=\skip66
\skiptext=\skip67
\skiplength=\skip68
\algomargin=\skip69
\skipalgocfslide=\skip70
\algowidth=\dimen181
\inoutsize=\dimen182
\inoutindent=\dimen183
\interspacetitleruled=\dimen184
\interspacealgoruled=\dimen185
\interspacetitleboxruled=\dimen186
\algocf@ruledwidth=\skip71
\algocf@inoutbox=\box63
\algocf@inputbox=\box64
\AlCapSkip=\skip72
\AlCapHSkip=\skip73
\algoskipindent=\skip74
\algocf@nlbox=\box65
\algocf@hangingbox=\box66
\algocf@untilbox=\box67
\algocf@skipuntil=\skip75
\algocf@capbox=\box68
\algocf@lcaptionbox=\skip76
\algoheightruledefault=\skip77
\algoheightrule=\skip78
\algotitleheightruledefault=\skip79
\algotitleheightrule=\skip80
\c@algocfline=\count308
\c@algocfproc=\count309
\c@algocf=\count310
\algocf@algoframe=\box69
\algocf@algobox=\box70
)
(/opt/texlive/texdir/texmf-dist/tex/latex/capt-of/capt-of.sty
Package: capt-of 2009/12/29 v0.2 standard captions outside of floats
)
(/opt/texlive/texdir/texmf-dist/tex/latex/multirow/multirow.sty
Package: multirow 2024/11/12 v2.9 Span multiple rows of a table
\multirow@colwidth=\skip81
\multirow@cntb=\count311
\multirow@dima=\skip82
\bigstrutjot=\dimen187
)
(/opt/texlive/texdir/texmf-dist/tex/latex/fancyhdr/fancyhdr.sty
Package: fancyhdr 2025/02/07 v5.2 Extensive control of page headers and footers

\f@nch@headwidth=\skip83
\f@nch@offset@elh=\skip84
\f@nch@offset@erh=\skip85
\f@nch@offset@olh=\skip86
\f@nch@offset@orh=\skip87
\f@nch@offset@elf=\skip88
\f@nch@offset@erf=\skip89
\f@nch@offset@olf=\skip90
\f@nch@offset@orf=\skip91
\f@nch@height=\skip92
\f@nch@footalignment=\skip93
\f@nch@widthL=\skip94
\f@nch@widthC=\skip95
\f@nch@widthR=\skip96
\@temptokenb=\toks40
)
(/opt/texlive/texdir/texmf-dist/tex/latex/caption/caption.sty
Package: caption 2023/08/05 v3.6o Customizing captions (AR)

(/opt/texlive/texdir/texmf-dist/tex/latex/caption/caption3.sty
Package: caption3 2023/07/31 v2.4d caption3 kernel (AR)
\caption@tempdima=\dimen188
\captionmargin=\dimen189
\caption@leftmargin=\dimen190
\caption@rightmargin=\dimen191
\caption@width=\dimen192
\caption@indent=\dimen193
\caption@parindent=\dimen194
\caption@hangindent=\dimen195
Package caption Info: Standard document class detected.
)
\c@caption@flags=\count312
\c@continuedfloat=\count313
Package caption Info: scrextend package is loaded.
\caption@addmargin@hsize=\dimen196
\caption@addmargin@linewidth=\dimen197
)
(/opt/texlive/texdir/texmf-dist/tex/latex/listings/listings.sty
\lst@mode=\count314
\lst@gtempboxa=\box71
\lst@token=\toks41
\lst@length=\count315
\lst@currlwidth=\dimen198
\lst@column=\count316
\lst@pos=\count317
\lst@lostspace=\dimen199
\lst@width=\dimen256
\lst@newlines=\count318
\lst@lineno=\count319
\lst@maxwidth=\dimen257

(/opt/texlive/texdir/texmf-dist/tex/latex/listings/lstpatch.sty
File: lstpatch.sty 2025/11/14 1.11b (Carsten Heinz)
)
(/opt/texlive/texdir/texmf-dist/tex/latex/listings/lstmisc.sty
File: lstmisc.sty 2025/11/14 1.11b (Carsten Heinz)
\c@lstnumber=\count320
\lst@skipnumbers=\count321
\lst@framebox=\box72
)
(/opt/texlive/texdir/texmf-dist/tex/latex/listings/listings.cfg
File: listings.cfg 2025/11/14 1.11b listings configuration
))
Package: listings 2025/11/14 1.11b (Carsten Heinz)

==> First Aid for listings.sty no longer applied!
    Expected:
        2024/09/23 1.10c (Carsten Heinz)
    but found:
        2025/11/14 1.11b (Carsten Heinz)
    so I'm assuming it got fixed.
(/opt/texlive/texdir/texmf-dist/tex/latex/float/float.sty
Package: float 2001/11/08 v1.3d Float enhancements (AL)
\c@float@type=\count322
\float@exts=\toks42
\float@box=\box73
\@float@everytoks=\toks43
\@floatcapt=\box74
)
(/opt/texlive/texdir/texmf-dist/tex/latex/caption/subcaption.sty
Package: subcaption 2023/07/28 v1.6b Sub-captions (AR)
Package caption Info: New subtype `subfigure' on input line 238.
\c@subfigure=\count323
Package caption Info: New subtype `subtable' on input line 238.
\c@subtable=\count324
)
(/opt/texlive/texdir/texmf-dist/tex/latex/glossaries/base/glossaries.sty
Package: glossaries 2026/03/06 v5.0 (NLCT)

(/opt/texlive/texdir/texmf-dist/tex/latex/xkeyval/xkeyval.sty
Package: xkeyval 2025/11/04 v2.10 package option processing (HA)

(/opt/texlive/texdir/texmf-dist/tex/generic/xkeyval/xkeyval.tex
(/opt/texlive/texdir/texmf-dist/tex/generic/xkeyval/xkvutils.tex
\XKV@toks=\toks44
\XKV@tempa@toks=\toks45
\XKV@tempb@toks=\toks46
)
\XKV@depth=\count325
File: xkeyval.tex 2014/12/03 v2.7a key=value parser (HA)
))
(/opt/texlive/texdir/texmf-dist/tex/latex/mfirstuc/mfirstuc.sty
Package: mfirstuc 2025/04/03 v2.09 (NLCT)

(/opt/texlive/texdir/texmf-dist/tex/latex/etoolbox/etoolbox.sty
Package: etoolbox 2025/10/02 v2.5m e-TeX tools for LaTeX (JAW)
\etb@tempcnta=\count326
)
\@glsmfirst=\toks47
\@glsmrest=\toks48
)
(/opt/texlive/texdir/texmf-dist/tex/latex/xfor/xfor.sty
Package: xfor 2009/02/05 v1.05 (NLCT)
)
(/opt/texlive/texdir/texmf-dist/tex/latex/tracklang/tracklang.sty
Package: tracklang 2025/03/11 v1.6.6 (NLCT) Track Languages

(/opt/texlive/texdir/texmf-dist/tex/generic/tracklang/tracklang.tex)
Package tracklang Info: Tracking dialect `nil' (language `undetermined') on inp
ut line 264.
)
(/opt/texlive/texdir/texmf-dist/tex/latex/translator/translator.sty
Package: translator 2021-05-31 v1.12d Easy translation of strings in LaTeX
)

Package glossaries Warning: No language module detected for `nil'.
(glossaries)                Language modules need to be installed separately.
(glossaries)                Please check on CTAN for a bundle called
(glossaries)                `glossaries-undetermined' or similar.

(/opt/texlive/texdir/texmf-dist/tex/latex/datatool/datatool-base.sty
Package: datatool-base 2025/12/04 v3.4.3 (NLCT)
\l__datatool_tmpa_int=\count327
\l__datatool_tmpb_int=\count328
\l__datatool_tmpc_int=\count329
\l__datatool_tmpd_int=\count330
\l__datatool_count_int=\count331
\l__datatool_tmp_datatype_int=\count332
\l__datatool_tmpa_dim=\dimen258
\l__datatool_tmpb_dim=\dimen259

(/opt/texlive/texdir/texmf-dist/tex/latex/datatool/datatool-l3fp.def
File: datatool-l3fp.def 2025/12/04 v3.4.3 (NLCT)
)
\@dtl@toks=\toks49
\@dtl@tmpcount=\count333
\dtl@tmplength=\skip97
\l__datatool_measure_box=\box75
\dtl@sortresult=\count334

(/opt/texlive/texdir/texmf-dist/tex/latex/datatool/datatool-utf8.ldf
File: datatool-utf8.ldf 2025/12/04 v3.4.3 (NLCT)
)
\@dtl@datatype=\count335
\c_datatool_unknown_int=\count336
\l__datatool_year_int=\count337
\l__datatool_month_int=\count338
\l__datatool_day_int=\count339
\l__datatool_hour_int=\count340
\l__datatool_minute_int=\count341
\l__datatool_second_int=\count342
\l__datatool_tzhour_int=\count343
\l__datatool_tzminute_int=\count344
\l__datatool_julian_int=\count345
\l__datatool_local_julian_int=\count346
\l__datatool_prefix_int=\count347
\l__datatool_suffix_int=\count348
\@dtl@foreach@level=\count349

(/opt/texlive/texdir/texmf-dist/tex/latex/datatool/datatool-undetermined.ldf
File: datatool-undetermined.ldf 2025/12/04 v3.4.3
)
\dtl@codeA=\count350
\dtl@codeB=\count351
)
\gls@level=\count352
\@gls@tmpb=\toks50
\gls@tmplen=\skip98
\l__glossaries_tmpa_dim=\dimen260
\l__glossaries_tmpb_dim=\dimen261
\glskeylisttok=\toks51
\glslabeltok=\toks52
\glsshorttok=\toks53
\glslongtok=\toks54

(/opt/texlive/texdir/texmf-dist/tex/latex/glossaries/styles/glossary-hypernav.s
ty
Package: glossary-hypernav 2026/03/06 v5.0 (NLCT)
)
(/opt/texlive/texdir/texmf-dist/tex/latex/glossaries/styles/glossary-list.sty
Package: glossary-list 2026/03/06 v5.0 (NLCT)
\glslistdottedwidth=\skip99
)
(/opt/texlive/texdir/texmf-dist/tex/latex/glossaries/styles/glossary-long.sty
Package: glossary-long 2026/03/06 v5.0 (NLCT)

(/opt/texlive/texdir/texmf-dist/tex/latex/tools/longtable.sty
Package: longtable 2025-10-13 v4.24 Multi-page Table package (DPC)
\LTleft=\skip100
\LTright=\skip101
\LTpre=\skip102
\LTpost=\skip103
\LTchunksize=\count353
\LTcapwidth=\dimen262
\LT@head=\box76
\LT@firsthead=\box77
\LT@foot=\box78
\LT@lastfoot=\box79
\LT@gbox=\box80
\LT@cols=\count354
\LT@rows=\count355
\c@LT@tables=\count356
\c@LT@chunks=\count357
\LT@p@ftn=\toks55
)
\glsdescwidth=\skip104
\glspagelistwidth=\skip105
)
(/opt/texlive/texdir/texmf-dist/tex/latex/glossaries/styles/glossary-super.sty
Package: glossary-super 2026/03/06 v5.0 (NLCT)

(/opt/texlive/texdir/texmf-dist/tex/latex/supertabular/supertabular.sty
Package: supertabular 2025/06/26 v4.2d the supertabular environment
\c@tracingst=\count358
\ST@wd=\dimen263
\ST@rightskip=\skip106
\ST@leftskip=\skip107
\ST@parfillskip=\skip108
\ST@pageleft=\dimen264
\ST@headht=\dimen265
\ST@tailht=\dimen266
\ST@pagesofar=\dimen267
\ST@pboxht=\dimen268
\ST@rowht=\dimen269
\ST@prevht=\dimen270
\ST@toadd=\dimen271
\ST@dimen=\dimen272
\ST@pbox=\box81
))
(/opt/texlive/texdir/texmf-dist/tex/latex/glossaries/styles/glossary-tree.sty
Package: glossary-tree 2026/03/06 v5.0 (NLCT)
\l__glossaries_tree_max_known_level_int=\count359
\l__glossaries_tree_offset_dim=\dimen273
\l__glossaries_tree_namewidth_dim=\dimen274
\l__glossaries_tree_symbolwidth_dim=\dimen275
\l__glossaries_tree_prenamesym_width_dim=\dimen276
\l__glossaries_tree_presubnamesym_width_dim=\dimen277
\l__glossaries_tree_namewidth_padding_dim=\dimen278
\l__glossaries_tree_symbolwidth_padding_dim=\dimen279
\l__glossaries_tree_namesymbolwidth_dim=\dimen280
\l__glossaries_tree_namesymbolwidth_padding_dim=\dimen281
\l__glossaries_tree_level_int=\count360
\glstreeindent=\skip109
))
(/opt/texlive/texdir/texmf-dist/tex/latex/glossaries/styles/glossary-superragge
d.sty
Package: glossary-superragged 2026/03/06 v5.0 (NLCT)
) (/opt/texlive/texdir/texmf-dist/tex/latex/setspace/setspace.sty
Package: setspace 2022/12/04 v6.7b set line spacing
)
(/opt/texlive/texdir/texmf-dist/tex/latex/parskip/parskip.sty
Package: parskip 2021-03-14 v2.0h non-zero parskip adjustments

(/opt/texlive/texdir/texmf-dist/tex/latex/kvoptions/kvoptions.sty
Package: kvoptions 2022-06-15 v3.15 Key value format for package options (HO)

(/opt/texlive/texdir/texmf-dist/tex/generic/ltxcmds/ltxcmds.sty
Package: ltxcmds 2023-12-04 v1.26 LaTeX kernel commands for general use (HO)
)
(/opt/texlive/texdir/texmf-dist/tex/latex/kvsetkeys/kvsetkeys.sty
Package: kvsetkeys 2022-10-05 v1.19 Key value parser (HO)
)))
(/opt/texlive/texdir/texmf-dist/tex/latex/koma-script/tocbasic.sty
Package: tocbasic 2026/02/02 v3.49.2 KOMA-Script package (handling toc-files)
\scr@dte@tocline@numberwidth=\skip110
\scr@dte@tocline@numbox=\box82
)
(/opt/texlive/texdir/texmf-dist/tex/latex/blindtext/blindtext.sty
Package: blindtext 2012/01/06 V2.0 blindtext-Package
\c@blindtext=\count361
\c@Blindtext=\count362
\c@blind@countparstart=\count363
\blind@countxx=\count364
\blindtext@numBlindtext=\count365
\blind@countyy=\count366
\c@blindlist=\count367
\c@blindlistlevel=\count368
\c@blindlist@level=\count369
\blind@listitem=\count370
\c@blind@listcount=\count371
\c@blind@levelcount=\count372
\blind@mathformula=\count373
\blind@Mathformula=\count374
\c@blind@randomcount=\count375
\c@blind@randommax=\count376
\c@blind@pangramcount=\count377
\c@blind@pangrammax=\count378
)
(/opt/texlive/texdir/texmf-dist/tex/latex/biblatex/biblatex.sty
Package: biblatex 2025/07/10 v3.21 programmable bibliographies (PK/MW)

(/opt/texlive/texdir/texmf-dist/tex/generic/pdftexcmds/pdftexcmds.sty
Package: pdftexcmds 2020-06-27 v0.33 Utility functions of pdfTeX for LuaTeX (HO
)

(/opt/texlive/texdir/texmf-dist/tex/generic/infwarerr/infwarerr.sty
Package: infwarerr 2019/12/03 v1.5 Providing info/warning/error messages (HO)
)
Package pdftexcmds Info: \pdf@primitive is available.
Package pdftexcmds Info: \pdf@ifprimitive is available.
Package pdftexcmds Info: \pdfdraftmode found.
)
(/opt/texlive/texdir/texmf-dist/tex/latex/logreq/logreq.sty
Package: logreq 2010/08/04 v1.0 xml request logger
\lrq@indent=\count379

(/opt/texlive/texdir/texmf-dist/tex/latex/logreq/logreq.def
File: logreq.def 2010/08/04 v1.0 logreq spec v1.0
))
\c@tabx@nest=\count380
\c@listtotal=\count381
\c@listcount=\count382
\c@liststart=\count383
\c@liststop=\count384
\c@citecount=\count385
\c@citetotal=\count386
\c@multicitecount=\count387
\c@multicitetotal=\count388
\c@instcount=\count389
\c@maxnames=\count390
\c@minnames=\count391
\c@maxitems=\count392
\c@minitems=\count393
\c@citecounter=\count394
\c@maxcitecounter=\count395
\c@savedcitecounter=\count396
\c@uniquelist=\count397
\c@uniquename=\count398
\c@refsection=\count399
\c@refsegment=\count400
\c@maxextratitle=\count401
\c@maxextratitleyear=\count402
\c@maxextraname=\count403
\c@maxextradate=\count404
\c@maxextraalpha=\count405
\c@abbrvpenalty=\count406
\c@highnamepenalty=\count407
\c@lownamepenalty=\count408
\c@maxparens=\count409
\c@parenlevel=\count410
\blx@tempcnta=\count411
\blx@tempcntb=\count412
\blx@tempcntc=\count413
\c@blx@maxsection=\count414
\blx@maxsegment@0=\count415
\blx@notetype=\count416
\blx@parenlevel@text=\count417
\blx@parenlevel@foot=\count418
\blx@sectionciteorder@0=\count419
\blx@sectionciteorderinternal@0=\count420
\blx@entrysetcounter=\count421
\blx@biblioinstance=\count422
\labelnumberwidth=\skip111
\labelalphawidth=\skip112
\biblabelsep=\skip113
\bibitemsep=\skip114
\bibnamesep=\skip115
\bibinitsep=\skip116
\bibparsep=\skip117
\bibhang=\skip118
\blx@bcfin=\read4
\blx@bcfout=\write4
\blx@langwohyphens=\language93
\c@mincomprange=\count423
\c@maxcomprange=\count424
\c@mincompwidth=\count425
Package biblatex Info: Trying to load biblatex default data model...
Package biblatex Info: ... file 'blx-dm.def' found.

(/opt/texlive/texdir/texmf-dist/tex/latex/biblatex/blx-dm.def
File: blx-dm.def 2025/07/10 v3.21 biblatex datamodel (PK/MW)
)
Package biblatex Info: Trying to load biblatex style data model...
Package biblatex Info: ... file 'ieee.dbx' not found.
Package biblatex Info: Trying to load biblatex custom data model...
Package biblatex Info: ... file 'biblatex-dm.cfg' not found.
\c@afterword=\count426
\c@savedafterword=\count427
\c@annotator=\count428
\c@savedannotator=\count429
\c@author=\count430
\c@savedauthor=\count431
\c@bookauthor=\count432
\c@savedbookauthor=\count433
\c@commentator=\count434
\c@savedcommentator=\count435
\c@editor=\count436
\c@savededitor=\count437
\c@editora=\count438
\c@savededitora=\count439
\c@editorb=\count440
\c@savededitorb=\count441
\c@editorc=\count442
\c@savededitorc=\count443
\c@foreword=\count444
\c@savedforeword=\count445
\c@holder=\count446
\c@savedholder=\count447
\c@introduction=\count448
\c@savedintroduction=\count449
\c@namea=\count450
\c@savednamea=\count451
\c@nameb=\count452
\c@savednameb=\count453
\c@namec=\count454
\c@savednamec=\count455
\c@translator=\count456
\c@savedtranslator=\count457
\c@shortauthor=\count458
\c@savedshortauthor=\count459
\c@shorteditor=\count460
\c@savedshorteditor=\count461
\c@labelname=\count462
\c@savedlabelname=\count463
\c@institution=\count464
\c@savedinstitution=\count465
\c@lista=\count466
\c@savedlista=\count467
\c@listb=\count468
\c@savedlistb=\count469
\c@listc=\count470
\c@savedlistc=\count471
\c@listd=\count472
\c@savedlistd=\count473
\c@liste=\count474
\c@savedliste=\count475
\c@listf=\count476
\c@savedlistf=\count477
\c@location=\count478
\c@savedlocation=\count479
\c@organization=\count480
\c@savedorganization=\count481
\c@origlocation=\count482
\c@savedoriglocation=\count483
\c@origpublisher=\count484
\c@savedorigpublisher=\count485
\c@publisher=\count486
\c@savedpublisher=\count487
\c@language=\count488
\c@savedlanguage=\count489
\c@origlanguage=\count490
\c@savedoriglanguage=\count491
\c@pageref=\count492
\c@savedpageref=\count493
\shorthandwidth=\skip119
\shortjournalwidth=\skip120
\shortserieswidth=\skip121
\shorttitlewidth=\skip122
\shortauthorwidth=\skip123
\shorteditorwidth=\skip124
\locallabelnumberwidth=\skip125
\locallabelalphawidth=\skip126
\localshorthandwidth=\skip127
\localshortjournalwidth=\skip128
\localshortserieswidth=\skip129
\localshorttitlewidth=\skip130
\localshortauthorwidth=\skip131
\localshorteditorwidth=\skip132
Package biblatex Info: Trying to load compatibility code...
Package biblatex Info: ... file 'blx-compat.def' found.

(/opt/texlive/texdir/texmf-dist/tex/latex/biblatex/blx-compat.def
File: blx-compat.def 2025/07/10 v3.21 biblatex compatibility (PK/MW)
)
Package biblatex Info: Trying to load BibTeX backend compatibility...
Package biblatex Info: ... file 'blx-bibtex.def' found.

(/opt/texlive/texdir/texmf-dist/tex/latex/biblatex/blx-bibtex.def
File: blx-bibtex.def 2025/07/10 v3.21 biblatex compatibility (PK/MW)


Package biblatex Warning: Using fall-back bibtex backend:
(biblatex)                functionality may be reduced/unavailable.

)
Package biblatex Info: Trying to load generic definitions...
Package biblatex Info: ... file 'biblatex.def' found.
 (/opt/texlive/texdir/texmf-dist/tex/latex/biblatex/biblatex.def
File: biblatex.def 2025/07/10 v3.21 biblatex compatibility (PK/MW)
\c@textcitecount=\count494
\c@textcitetotal=\count495
\c@textcitemaxnames=\count496
\c@biburlbigbreakpenalty=\count497
\c@biburlbreakpenalty=\count498
\c@biburlnumpenalty=\count499
\c@biburlucpenalty=\count500
\c@biburllcpenalty=\count501
\biburlbigskip=\muskip19
\biburlnumskip=\muskip20
\biburlucskip=\muskip21
\biburllcskip=\muskip22
\c@smartand=\count502
)
Package biblatex Info: Trying to load bibliography style 'ieee'...
Package biblatex Info: ... file 'ieee.bbx' found.

(/opt/texlive/texdir/texmf-dist/tex/latex/biblatex-ieee/ieee.bbx
File: ieee.bbx 2025-08-01 v1.4f biblatex bibliography style
Package biblatex Info: Trying to load bibliography style 'numeric-comp'...
Package biblatex Info: ... file 'numeric-comp.bbx' found.

(/opt/texlive/texdir/texmf-dist/tex/latex/biblatex/bbx/numeric-comp.bbx
File: numeric-comp.bbx 2025/07/10 v3.21 biblatex bibliography style (PK/MW)
Package biblatex Info: Trying to load bibliography style 'numeric'...
Package biblatex Info: ... file 'numeric.bbx' found.

(/opt/texlive/texdir/texmf-dist/tex/latex/biblatex/bbx/numeric.bbx
File: numeric.bbx 2025/07/10 v3.21 biblatex bibliography style (PK/MW)
Package biblatex Info: Trying to load bibliography style 'standard'...
Package biblatex Info: ... file 'standard.bbx' found.

(/opt/texlive/texdir/texmf-dist/tex/latex/biblatex/bbx/standard.bbx
File: standard.bbx 2025/07/10 v3.21 biblatex bibliography style (PK/MW)
\c@bbx:relatedcount=\count503
\c@bbx:relatedtotal=\count504
))))
Package biblatex Info: Trying to load citation style 'ieee'...
Package biblatex Info: ... file 'ieee.cbx' found.

(/opt/texlive/texdir/texmf-dist/tex/latex/biblatex-ieee/ieee.cbx
File: ieee.cbx 2025-08-01 v1.4f biblatex citation style
Package biblatex Info: Trying to load citation style 'numeric-verb'...
Package biblatex Info: ... file 'numeric-verb.cbx' found.

(/opt/texlive/texdir/texmf-dist/tex/latex/biblatex/cbx/numeric-verb.cbx
File: numeric-verb.cbx 2025/07/10 v3.21 biblatex citation style (PK/MW)
Package biblatex Info: Redefining '\cite'.
Package biblatex Info: Redefining '\parencite'.
Package biblatex Info: Redefining '\footcite'.
Package biblatex Info: Redefining '\footcitetext'.
Package biblatex Info: Redefining '\smartcite'.
Package biblatex Info: Redefining '\textcite'.
Package biblatex Info: Redefining '\supercite'.
Package biblatex Info: Redefining '\parencites'.
Package biblatex Info: Redefining '\smartcites'.
Package biblatex Info: Redefining '\textcites'.
))
Package biblatex Info: Trying to load configuration file...
Package biblatex Info: ... file 'biblatex.cfg' found.

(/opt/texlive/texdir/texmf-dist/tex/latex/biblatex/biblatex.cfg
File: biblatex.cfg 
)
Package biblatex Info: Input encoding 'utf8' detected.
Package biblatex Info: Document encoding is UTF8 ....

(/opt/texlive/texdir/texmf-dist/tex/latex/l3kernel/expl3.sty
Package: expl3 2026-03-20 L3 programming layer (loader) 

(/opt/texlive/texdir/texmf-dist/tex/latex/l3backend/l3backend-pdftex.def
File: l3backend-pdftex.def 2026-02-18 L3 backend support: PDF output (pdfTeX)
\l__color_backend_stack_int=\count505
))
Package biblatex Info: ... and expl3
(biblatex)             2026-03-20 L3 programming layer (loader) 
(biblatex)             is new enough (at least 2020/04/06),
(biblatex)             setting 'casechanger=expl3'.

(/opt/texlive/texdir/texmf-dist/tex/latex/biblatex/blx-case-expl3.sty
(/opt/texlive/texdir/texmf-dist/tex/latex/l3packages/xparse/xparse.sty
Package: xparse 2025-10-09 L3 Experimental document command parser
)
Package: blx-case-expl3 2025/07/10 v3.21 expl3 case changing code for biblatex
))

LaTeX Warning: \include should only be used after \begin{document} on input lin
e 59.

No file lstlisting.
(./Tu_viet_tat.tex)
(/opt/texlive/texdir/texmf-dist/tex/latex/hyperref/hyperref.sty
Package: hyperref 2026-01-29 v7.01p Hypertext links for LaTeX

(/opt/texlive/texdir/texmf-dist/tex/generic/kvdefinekeys/kvdefinekeys.sty
Package: kvdefinekeys 2019-12-19 v1.6 Define keys (HO)
)
(/opt/texlive/texdir/texmf-dist/tex/generic/pdfescape/pdfescape.sty
Package: pdfescape 2019/12/09 v1.15 Implements pdfTeX's escape features (HO)
)
(/opt/texlive/texdir/texmf-dist/tex/latex/hycolor/hycolor.sty
Package: hycolor 2020-01-27 v1.10 Color options for hyperref/bookmark (HO)
)
(/opt/texlive/texdir/texmf-dist/tex/latex/hyperref/nameref.sty
Package: nameref 2026-01-29 v2.58 Cross-referencing by name of section

(/opt/texlive/texdir/texmf-dist/tex/latex/refcount/refcount.sty
Package: refcount 2019/12/15 v3.6 Data extraction from label references (HO)
)
(/opt/texlive/texdir/texmf-dist/tex/generic/gettitlestring/gettitlestring.sty
Package: gettitlestring 2019/12/15 v1.6 Cleanup title references (HO)
)
\c@section@level=\count506
) (/opt/texlive/texdir/texmf-dist/tex/generic/stringenc/stringenc.sty
Package: stringenc 2019/11/29 v1.12 Convert strings between diff. encodings (HO
)
)
\@linkdim=\dimen282
\Hy@linkcounter=\count507
\Hy@pagecounter=\count508

(/opt/texlive/texdir/texmf-dist/tex/latex/hyperref/pd1enc.def
File: pd1enc.def 2026-01-29 v7.01p Hyperref: PDFDocEncoding definition (HO)
Now handling font encoding PD1 ...
... no UTF-8 mapping file for font encoding PD1
)
(/opt/texlive/texdir/texmf-dist/tex/generic/intcalc/intcalc.sty
Package: intcalc 2019/12/15 v1.3 Expandable calculations with integers (HO)
)
\Hy@SavedSpaceFactor=\count509

(/opt/texlive/texdir/texmf-dist/tex/latex/hyperref/puenc.def
File: puenc.def 2026-01-29 v7.01p Hyperref: PDF Unicode definition (HO)
Now handling font encoding PU ...
... no UTF-8 mapping file for font encoding PU
)
Package hyperref Info: Hyper figures OFF on input line 4201.
Package hyperref Info: Link nesting OFF on input line 4206.
Package hyperref Info: Hyper index ON on input line 4209.
Package hyperref Info: Plain pages OFF on input line 4216.
Package hyperref Info: Backreferencing OFF on input line 4221.
Package hyperref Info: Implicit mode ON; LaTeX internals redefined.
Package hyperref Info: Bookmarks ON on input line 4468.
\c@Hy@tempcnt=\count510
LaTeX Info: Redefining \url on input line 4807.
\XeTeXLinkMargin=\dimen283

(/opt/texlive/texdir/texmf-dist/tex/generic/bitset/bitset.sty
Package: bitset 2019/12/09 v1.3 Handle bit-vector datatype (HO)

(/opt/texlive/texdir/texmf-dist/tex/generic/bigintcalc/bigintcalc.sty
Package: bigintcalc 2019/12/15 v1.5 Expandable calculations on big integers (HO
)
))
\Fld@menulength=\count511
\Field@Width=\dimen284
\Fld@charsize=\dimen285
Package hyperref Info: Hyper figures OFF on input line 6084.
Package hyperref Info: Link nesting OFF on input line 6089.
Package hyperref Info: Hyper index ON on input line 6092.
Package hyperref Info: backreferencing OFF on input line 6099.
Package hyperref Info: Link coloring OFF on input line 6104.
Package hyperref Info: Link coloring with OCG OFF on input line 6109.
Package hyperref Info: PDF/A mode OFF on input line 6114.
\Hy@abspage=\count512
\c@Item=\count513
\c@Hfootnote=\count514
)
Package hyperref Info: Driver (autodetected): hpdftex.

(/opt/texlive/texdir/texmf-dist/tex/latex/hyperref/hpdftex.def
File: hpdftex.def 2026-01-29 v7.01p Hyperref driver for pdfTeX
\Fld@listcount=\count515
\c@bookmark@seq@number=\count516

(/opt/texlive/texdir/texmf-dist/tex/latex/rerunfilecheck/rerunfilecheck.sty
Package: rerunfilecheck 2025-06-21 v1.11 Rerun checks for auxiliary files (HO)

(/opt/texlive/texdir/texmf-dist/tex/generic/uniquecounter/uniquecounter.sty
Package: uniquecounter 2019/12/15 v1.4 Provide unlimited unique counter (HO)
)
Package uniquecounter Info: New unique counter `rerunfilecheck' on input line 2
84.
)
\Hy@SectionHShift=\skip133
)
(/opt/texlive/texdir/texmf-dist/tex/latex/hypcap/hypcap.sty
Package: hypcap 2024-07-26 v1.13 Adjusting the anchors of captions (HO)

(/opt/texlive/texdir/texmf-dist/tex/latex/letltxmacro/letltxmacro.sty
Package: letltxmacro 2019/12/03 v1.6 Let assignment for LaTeX macros (HO)
))
\c@example=\count517


Package biblatex Warning: 'babel/polyglossia' detected but 'csquotes' missing.
(biblatex)                Loading 'csquotes' recommended.

\@quotelevel=\count518
\@quotereset=\count519
LaTeX Font Info:    Trying to load font information for T5+ptm on input line 16
1.
(/opt/texlive/texdir/texmf-dist/tex/latex/vntex/t5ptm.fd
File: t5utm.fd 2005/08/24 Fontinst v1.929 font definitions for T5/ptm.
)

LaTeX Warning: Unused global option(s):
    [13pt,3p].

(./DoAn.aux
\g__glossaries_gls_ref_acronym_int=\count520


LaTeX Warning: Label `fig:Bia' multiply defined.

)
\openout1 = `DoAn.aux'.

LaTeX Font Info:    Checking defaults for OML/cmm/m/it on input line 161.
LaTeX Font Info:    ... okay on input line 161.
LaTeX Font Info:    Checking defaults for OMS/cmsy/m/n on input line 161.
LaTeX Font Info:    ... okay on input line 161.
LaTeX Font Info:    Checking defaults for OT1/cmr/m/n on input line 161.
LaTeX Font Info:    ... okay on input line 161.
LaTeX Font Info:    Checking defaults for T1/cmr/m/n on input line 161.
LaTeX Font Info:    ... okay on input line 161.
LaTeX Font Info:    Checking defaults for TS1/cmr/m/n on input line 161.
LaTeX Font Info:    ... okay on input line 161.
LaTeX Font Info:    Checking defaults for OMX/cmex/m/n on input line 161.
LaTeX Font Info:    ... okay on input line 161.
LaTeX Font Info:    Checking defaults for U/cmr/m/n on input line 161.
LaTeX Font Info:    ... okay on input line 161.
LaTeX Font Info:    Checking defaults for T5/cmr/m/n on input line 161.
LaTeX Font Info:    ... okay on input line 161.
LaTeX Font Info:    Checking defaults for PD1/pdf/m/n on input line 161.
LaTeX Font Info:    ... okay on input line 161.
LaTeX Font Info:    Checking defaults for PU/pdf/m/n on input line 161.
LaTeX Font Info:    ... okay on input line 161.

*geometry* driver: auto-detecting
*geometry* detected driver: pdftex
*geometry* verbose mode - [ preamble ] result:
* driver: pdftex
* paper: a4paper
* layout: <same size as paper>
* layoutoffset:(h,v)=(0.0pt,0.0pt)
* modes: twoside 
* h-part:(L,W,R)=(99.58464pt, 426.79135pt, 71.13188pt)
* v-part:(T,H,B)=(56.9055pt, 731.23584pt, 56.9055pt)
* \paperwidth=597.50787pt
* \paperheight=845.04684pt
* \textwidth=426.79135pt
* \textheight=731.23584pt
* \oddsidemargin=27.31465pt
* \evensidemargin=-1.1381pt
* \topmargin=-52.36449pt
* \headheight=10.0pt
* \headsep=25.0pt
* \topskip=10.0pt
* \footskip=30.0pt
* \marginparwidth=111.0pt
* \marginparsep=11.0pt
* \columnsep=10.0pt
* \skip\footins=11.69997pt plus 5.19942pt minus 2.60054pt
* \hoffset=0.0pt
* \voffset=0.0pt
* \mag=1000
* \@twocolumnfalse
* \@twosidetrue
* \@mparswitchtrue
* \@reversemarginfalse
* (1in=72.27pt=25.4mm, 1cm=28.453pt)

(/opt/texlive/texdir/texmf-dist/tex/context/base/mkii/supp-pdf.mkii
[Loading MPS to PDF converter (version 2006.09.02).]
\scratchcounter=\count521
\scratchdimen=\dimen286
\scratchbox=\box83
\nofMPsegments=\count522
\nofMParguments=\count523
\everyMPshowfont=\toks56
\MPscratchCnt=\count524
\MPscratchDim=\dimen287
\MPnumerator=\count525
\makeMPintoPDFobject=\count526
\everyMPtoPDFconversion=\toks57
) (/opt/texlive/texdir/texmf-dist/tex/latex/epstopdf-pkg/epstopdf-base.sty
Package: epstopdf-base 2020-01-24 v2.11 Base part for package epstopdf

(/opt/texlive/texdir/texmf-dist/tex/latex/grfext/grfext.sty
Package: grfext 2019/12/03 v1.3 Manage graphics extensions (HO)
)
Package epstopdf-base Info: Redefining graphics rule for `.eps' on input line 4
85.
Package grfext Info: Graphics extension search list:
(grfext)             [.pdf,.png,.jpg,.mps,.jpeg,.jbig2,.jb2,.PDF,.PNG,.JPG,.JPE
G,.JBIG2,.JB2,.eps]
(grfext)             \AppendGraphicsExtensions on input line 504.

(/opt/texlive/texdir/texmf-dist/tex/latex/latexconfig/epstopdf-sys.cfg
File: epstopdf-sys.cfg 2010/07/13 v1.3 Configuration of (r)epstopdf for TeX Liv
e
))
Package caption Info: Begin \AtBeginDocument code.
Package caption Info: float package is loaded.
Package caption Info: hyperref package is loaded.
Package caption Info: hypcap package is loaded.
Package caption Info: listings package is loaded.
Package caption Info: longtable package is loaded.

(/opt/texlive/texdir/texmf-dist/tex/latex/caption/ltcaption.sty
Package: ltcaption 2021/01/08 v1.4c longtable captions (AR)
)
Package caption Info: supertabular package is loaded.
Package caption Info: End \AtBeginDocument code.
\c@lstlisting=\count527
Package tocbasic Info: setting babel extension for `lol' on input line 161.
Package biblatex Info: Trying to load language 'nil'...
Package biblatex Info: ... file 'nil.lbx' not found.


Package biblatex Warning: Language 'nil' not supported.
(biblatex)                Using dummy definitions on input line 161.

Package biblatex Info: Input encoding 'utf8' detected.
Package biblatex Info: Automatic encoding selection.
(biblatex)             Assuming data encoding 'utf8'.
Package biblatex Info: Input encoding 'utf8' detected.
Package biblatex Info: Data encoding 'utf8' specified.
(biblatex)             No need to reencode data.
\openout4 = `DoAn-blx.bib'.

Package biblatex Info: Trying to load bibliographic data...
Package biblatex Info: ... file 'DoAn.bbl' found.
(./DoAn.bbl)
Package biblatex Info: Reference section=0 on input line 161.
Package biblatex Info: Reference segment=0 on input line 161.
Package hyperref Info: Link coloring OFF on input line 161.
 (./DoAn.out) (./DoAn.out)
\@outlinefile=\write5
\openout5 = `DoAn.out'.

 (./Bia.tex
LaTeX Font Info:    Calculating math sizes for size <13> on input line 42.


LaTeX Font Warning: Font shape `OT1/cmr/m/n' in size <6.5> not available
(Font)              size <6> substituted on input line 42.


LaTeX Font Warning: Font shape `OML/cmm/m/it' in size <13> not available
(Font)              size <12> substituted on input line 42.


LaTeX Font Warning: Font shape `OML/cmm/m/it' in size <6.5> not available
(Font)              size <6> substituted on input line 42.


LaTeX Font Warning: Font shape `OMS/cmsy/m/n' in size <13> not available
(Font)              size <12> substituted on input line 42.


LaTeX Font Warning: Font shape `OMS/cmsy/m/n' in size <6.5> not available
(Font)              size <6> substituted on input line 42.

LaTeX Font Info:    Trying to load font information for U+lasy on input line 42
.
(/opt/texlive/texdir/texmf-dist/tex/latex/base/ulasy.fd
File: ulasy.fd 1998/08/17 v2.2e LaTeX symbol font definitions
)

LaTeX Font Warning: Font shape `U/lasy/m/n' in size <13> not available
(Font)              size <12> substituted on input line 42.


LaTeX Font Warning: Font shape `U/lasy/m/n' in size <6.5> not available
(Font)              size <6> substituted on input line 42.

LaTeX Font Info:    Trying to load font information for U+msa on input line 42.

(/opt/texlive/texdir/texmf-dist/tex/latex/amsfonts/umsa.fd
File: umsa.fd 2013/01/14 v3.01 AMS symbols A
)
LaTeX Font Info:    Trying to load font information for U+msb on input line 42.


(/opt/texlive/texdir/texmf-dist/tex/latex/amsfonts/umsb.fd
File: umsb.fd 2013/01/14 v3.01 AMS symbols B
)
Underfull \vbox (badness 10000) has occurred while \output is active []

 [1

{/opt/texlive/texdir/texmf-var/fonts/map/pdftex/updmap/pdftex.map}{/opt/texlive
/texdir/texmf-dist/fonts/enc/dvips/vntex/t5.enc}] [2]) (./Bia_lot.tex
pdfTeX warning (ext4): destination with the same identifier (name{page.1}) has 
been already used, duplicate ignored
<to be read again> 
                   \relax 
l.44 \end{titlepage}
                     [1]) (./Chuong/0_2_Loi_cam_on.tex) [1]
(./Chuong/0_3_Tom_tat_noi_dung.tex)
pdfTeX warning (ext4): destination with the same identifier (name{page.}) has b
een already used, duplicate ignored
<to be read again> 
                   \relax 
l.184 \newpage
               [1] (./Chuong/0_4_Tom_tat_noi_dung_eng.tex)
pdfTeX warning (ext4): destination with the same identifier (name{page.}) has b
een already used, duplicate ignored
<to be read again> 
                   \relax 
l.190 \newpage
               [1] (./DoAn.toc
Underfull \vbox (badness 10000) has occurred while \output is active []


pdfTeX warning (ext4): destination with the same identifier (name{page.}) has b
een already used, duplicate ignored
<to be read again> 
                   \relax 
l.34 ...źn c├┤ng HTTP Flood}{13}{subsection.2.7.3}
                                                  % [1

]
Underfull \vbox (badness 10000) has occurred while \output is active []


pdfTeX warning (ext4): destination with the same identifier (name{page.}) has b
een already used, duplicate ignored
<to be read again> 
                   \relax 
l.61 ...5.2}geo\_trust\_map}{19}{subsection.3.5.2}
                                                  % [2]
Underfull \vbox (badness 10000) has occurred while \output is active []


pdfTeX warning (ext4): destination with the same identifier (name{page.}) has b
een already used, duplicate ignored
<to be read again> 
                   \relax 
l.86 ...M├┤ h├¼nh m├Īy ß║Żo}{20}{subsection.4.1.3}
                                                  % [3]
Underfull \vbox (badness 10000) has occurred while \output is active []


pdfTeX warning (ext4): destination with the same identifier (name{page.}) has b
een already used, duplicate ignored
<to be read again> 
                   \relax 
l.112 ...øi IP cß╗æ ─æß╗ŗnh}{21}{subsection.5.6.2}
                                                  % [4])
\tf@toc=\write6
\openout6 = `DoAn.toc'.


pdfTeX warning (ext4): destination with the same identifier (name{page.}) has b
een already used, duplicate ignored
<to be read again> 
                   \relax 
l.218 \cleardoublepage
                       [5]
pdfTeX warning (ext4): destination with the same identifier (name{page.}) has b
een already used, duplicate ignored
<to be read again> 
                   \relax 
l.218 \cleardoublepage
                       [6


] (./DoAn.lof)
\tf@lof=\write7
\openout7 = `DoAn.lof'.

 [1

] (./DoAn.lot)
\tf@lot=\write8
\openout8 = `DoAn.lot'.



Package glossaries Warning: Empty glossary for \printnoidxglossary[type={main}]
. Rerun may be required (or you may have forgotten to use commands like \gls) o
n input line 242.


Package glossaries Info: Preparing to sort glossary `acronym' (total number of
(glossaries)             referenced entries: 5)

[2

] [3


]
Ch\uhorn \ohorn ng 1.
(./Chuong/1_Gioi_thieu.tex
Underfull \vbox (badness 10000) has occurred while \output is active []


pdfTeX warning (ext4): destination with the same identifier (name{page.1}) has 
been already used, duplicate ignored
<to be read again> 
                   \relax 
l.32 ─É
       ß╗ō ├Īn n├Āy c├│ 3 ─æ├│ng g├│p ch├Łnh nhŲ░ sau: [1

]
Underfull \vbox (badness 10000) has occurred while \output is active []



Package fancyhdr Warning: \headheight is too small (10.0pt): 
(fancyhdr)                Make it at least 17.97902pt, for example:
(fancyhdr)                \setlength{\headheight}{17.97902pt}.
(fancyhdr)                You might also make \topmargin smaller:
(fancyhdr)                \addtolength{\topmargin}{-7.97902pt}.


pdfTeX warning (ext4): destination with the same identifier (name{page.2}) has 
been already used, duplicate ignored
<to be read again> 
                   \relax 
l.56 
      [2])

Package fancyhdr Warning: \headheight is too small (10.0pt): 
(fancyhdr)                Make it at least 17.97902pt, for example:
(fancyhdr)                \setlength{\headheight}{17.97902pt}.
(fancyhdr)                You might also make \topmargin smaller:
(fancyhdr)                \addtolength{\topmargin}{-7.97902pt}.

[3]
Ch\uhorn \ohorn ng 2.
(./Chuong/2_Co_so_ly_thuyet.tex
Underfull \vbox (badness 10000) has occurred while \output is active []

 [4

]
Underfull \vbox (badness 10000) has occurred while \output is active []



Package fancyhdr Warning: \headheight is too small (10.0pt): 
(fancyhdr)                Make it at least 17.97902pt, for example:
(fancyhdr)                \setlength{\headheight}{17.97902pt}.
(fancyhdr)                You might also make \topmargin smaller:
(fancyhdr)                \addtolength{\topmargin}{-7.97902pt}.

[5]
Underfull \vbox (badness 10000) has occurred while \output is active []



Package fancyhdr Warning: \headheight is too small (10.0pt): 
(fancyhdr)                Make it at least 17.97902pt, for example:
(fancyhdr)                \setlength{\headheight}{17.97902pt}.
(fancyhdr)                You might also make \topmargin smaller:
(fancyhdr)                \addtolength{\topmargin}{-7.97902pt}.

[6]
Underfull \vbox (badness 10000) has occurred while \output is active []



Package fancyhdr Warning: \headheight is too small (10.0pt): 
(fancyhdr)                Make it at least 17.97902pt, for example:
(fancyhdr)                \setlength{\headheight}{17.97902pt}.
(fancyhdr)                You might also make \topmargin smaller:
(fancyhdr)                \addtolength{\topmargin}{-7.97902pt}.

[7]
LaTeX Font Info:    Trying to load font information for T5+pcr on input line 52
.
 (/opt/texlive/texdir/texmf-dist/tex/latex/vntex/t5pcr.fd
File: t5ucr.fd 2005/08/24 Fontinst v1.929 font definitions for T5/pcr.
)
Overfull \hbox (37.43867pt too wide) in paragraph at lines 58--59
\T5/ptm/m/n/13 hożt ^^_ļng theo cņ chĖ bļ ^^_╗m vßng (ring buffer). NgoĀi ra, \
T5/pcr/m/n/13 BPF_MAP_TYPE_LRU_HASH
 []


Underfull \vbox (badness 10000) has occurred while \output is active []



Package fancyhdr Warning: \headheight is too small (10.0pt): 
(fancyhdr)                Make it at least 17.97902pt, for example:
(fancyhdr)                \setlength{\headheight}{17.97902pt}.
(fancyhdr)                You might also make \topmargin smaller:
(fancyhdr)                \addtolength{\topmargin}{-7.97902pt}.

[8]
Underfull \vbox (badness 10000) has occurred while \output is active []



Package fancyhdr Warning: \headheight is too small (10.0pt): 
(fancyhdr)                Make it at least 17.97902pt, for example:
(fancyhdr)                \setlength{\headheight}{17.97902pt}.
(fancyhdr)                You might also make \topmargin smaller:
(fancyhdr)                \addtolength{\topmargin}{-7.97902pt}.

[9]
LaTeX Font Info:    Trying to load font information for TS1+ptm on input line 8
1.
 (/opt/texlive/texdir/texmf-dist/tex/latex/psnfss/ts1ptm.fd
File: ts1ptm.fd 2001/06/04 font definitions for TS1/ptm.
)
Underfull \vbox (badness 10000) has occurred while \output is active []



Package fancyhdr Warning: \headheight is too small (10.0pt): 
(fancyhdr)                Make it at least 17.97902pt, for example:
(fancyhdr)                \setlength{\headheight}{17.97902pt}.
(fancyhdr)                You might also make \topmargin smaller:
(fancyhdr)                \addtolength{\topmargin}{-7.97902pt}.

[10{/opt/texlive/texdir/texmf-dist/fonts/enc/dvips/base/8r.enc}]
Underfull \vbox (badness 10000) has occurred while \output is active []



Package fancyhdr Warning: \headheight is too small (10.0pt): 
(fancyhdr)                Make it at least 17.97902pt, for example:
(fancyhdr)                \setlength{\headheight}{17.97902pt}.
(fancyhdr)                You might also make \topmargin smaller:
(fancyhdr)                \addtolength{\topmargin}{-7.97902pt}.

[11]
Underfull \vbox (badness 10000) has occurred while \output is active []



Package fancyhdr Warning: \headheight is too small (10.0pt): 
(fancyhdr)                Make it at least 17.97902pt, for example:
(fancyhdr)                \setlength{\headheight}{17.97902pt}.
(fancyhdr)                You might also make \topmargin smaller:
(fancyhdr)                \addtolength{\topmargin}{-7.97902pt}.

[12]
Underfull \vbox (badness 10000) has occurred while \output is active []



Package fancyhdr Warning: \headheight is too small (10.0pt): 
(fancyhdr)                Make it at least 17.97902pt, for example:
(fancyhdr)                \setlength{\headheight}{17.97902pt}.
(fancyhdr)                You might also make \topmargin smaller:
(fancyhdr)                \addtolength{\topmargin}{-7.97902pt}.

[13]
Overfull \hbox (16.25964pt too wide) in paragraph at lines 136--137
[]\T5/ptm/m/n/13 Trong cĪc thiĖt bÓ mżng truyĘn thĶng, cņ chĖ quŻn l■ hĀng ^^_±
i (Queue Management)
 []


Underfull \vbox (badness 10000) has occurred while \output is active []



Package fancyhdr Warning: \headheight is too small (10.0pt): 
(fancyhdr)                Make it at least 17.97902pt, for example:
(fancyhdr)                \setlength{\headheight}{17.97902pt}.
(fancyhdr)                You might also make \topmargin smaller:
(fancyhdr)                \addtolength{\topmargin}{-7.97902pt}.

[14]
Underfull \vbox (badness 10000) has occurred while \output is active []



Package fancyhdr Warning: \headheight is too small (10.0pt): 
(fancyhdr)                Make it at least 17.97902pt, for example:
(fancyhdr)                \setlength{\headheight}{17.97902pt}.
(fancyhdr)                You might also make \topmargin smaller:
(fancyhdr)                \addtolength{\topmargin}{-7.97902pt}.

[15]
Underfull \vbox (badness 10000) has occurred while \output is active []



Package fancyhdr Warning: \headheight is too small (10.0pt): 
(fancyhdr)                Make it at least 17.97902pt, for example:
(fancyhdr)                \setlength{\headheight}{17.97902pt}.
(fancyhdr)                You might also make \topmargin smaller:
(fancyhdr)                \addtolength{\topmargin}{-7.97902pt}.

[16]
Underfull \vbox (badness 10000) has occurred while \output is active []



Package fancyhdr Warning: \headheight is too small (10.0pt): 
(fancyhdr)                Make it at least 17.97902pt, for example:
(fancyhdr)                \setlength{\headheight}{17.97902pt}.
(fancyhdr)                You might also make \topmargin smaller:
(fancyhdr)                \addtolength{\topmargin}{-7.97902pt}.

[17])

Package fancyhdr Warning: \headheight is too small (10.0pt): 
(fancyhdr)                Make it at least 17.97902pt, for example:
(fancyhdr)                \setlength{\headheight}{17.97902pt}.
(fancyhdr)                You might also make \topmargin smaller:
(fancyhdr)                \addtolength{\topmargin}{-7.97902pt}.

[18]
Ch\uhorn \ohorn ng 3.
(./Chuong/3_De_xuat.tex) [19

]
Ch\uhorn \ohorn ng 4.
(./Chuong/4_Trien_khai_he_thong.tex) [20

]
Ch\uhorn \ohorn ng 5.
(./Chuong/5_Thuc_nghiem.tex) [21

]
Ch\uhorn \ohorn ng 6.
(./Chuong/6_Ket_luan.tex) [22

] (./Chuong/7_Tai_lieu_tham_khao.tex

LaTeX Warning: Citation 'hovy1993automated' on page 23 undefined on input line 
13.


Overfull \hbox (16.98756pt too wide) in paragraph at lines 13--15
[][] \T5/ptm/m/n/13 E. H. Hovy, ``Automated discourse generation using discours
e
 []


LaTeX Warning: Citation 'peterson2007computer' on page 23 undefined on input li
ne 18.


LaTeX Warning: Citation 'NguyenThucHai' on page 23 undefined on input line 20.


LaTeX Warning: Citation 'poesio2001discourse' on page 23 undefined on input lin
e 24.


LaTeX Warning: Citation 'knott1996data' on page 23 undefined on input line 30.


LaTeX Warning: Citation 'BernersTim' on page 23 undefined on input line 34.


Overfull \hbox (31.58646pt too wide) in paragraph at lines 34--36
[][] \T5/ptm/m/n/13 T. Berners-Lee, \T5/ptm/m/it/13 Hypertext transfer protocol
 (HTTP)\T5/ptm/m/n/13 . [Online]. Available:
 []


Underfull \vbox (badness 10000) has occurred while \output is active []

 [23

]

LaTeX Warning: Citation 'LectureA' on page 24 undefined on input line 37.

)

Package fancyhdr Warning: \headheight is too small (10.0pt): 
(fancyhdr)                Make it at least 17.97902pt, for example:
(fancyhdr)                \setlength{\headheight}{17.97902pt}.
(fancyhdr)                You might also make \topmargin smaller:
(fancyhdr)                \addtolength{\topmargin}{-7.97902pt}.

[24]

Package biblatex Warning: Using fallback definition for \mkbibdatelong.
(biblatex)                The command should be defined in the .lbx file.
(biblatex)                If you see this message, the .lbx file could not be
(biblatex)                loaded, is faulty or does not contain a definition
(biblatex)                for \mkbibdatelong.


Package biblatex Warning: Bibliography string 'urlseen' untranslated
(biblatex)                at entry 'castillonduperron2025ebpf' on input line 30
0.


Package biblatex Warning: Using fallback definition for \mkbibdatelong.
(biblatex)                The command should be defined in the .lbx file.
(biblatex)                If you see this message, the .lbx file could not be
(biblatex)                loaded, is faulty or does not contain a definition
(biblatex)                for \mkbibdatelong.


Package biblatex Warning: Using fallback definition for \mkbibordinal.
(biblatex)                The command should be defined in the .lbx file.
(biblatex)                If you see this message, the .lbx file could not be
(biblatex)                loaded, is faulty or does not contain a definition
(biblatex)                for \mkbibordinal.


Package biblatex Warning: Bibliography string 'june' untranslated
(biblatex)                at entry 'castillonduperron2025ebpf' on input line 30
0.


Package biblatex Warning: Bibliography string 'url' untranslated
(biblatex)                at entry 'castillonduperron2025ebpf' on input line 30
0.


Overfull \hbox (35.89085pt too wide) in paragraph at lines 301--301
\T5/ptm/m/n/13 Performance Characterization, Evaluation, and Optimization,'' ph
dthesis, Universite
 []


Package biblatex Warning: Using fallback definition for \mkbibdatelong.
(biblatex)                The command should be defined in the .lbx file.
(biblatex)                If you see this message, the .lbx file could not be
(biblatex)                loaded, is faulty or does not contain a definition
(biblatex)                for \mkbibdatelong.


Package biblatex Warning: Bibliography string 'urlseen' untranslated
(biblatex)                at entry 'linux_skbuff' on input line 300.


Package biblatex Warning: Using fallback definition for \mkbibdatelong.
(biblatex)                The command should be defined in the .lbx file.
(biblatex)                If you see this message, the .lbx file could not be
(biblatex)                loaded, is faulty or does not contain a definition
(biblatex)                for \mkbibdatelong.


Package biblatex Warning: Using fallback definition for \mkbibordinal.
(biblatex)                The command should be defined in the .lbx file.
(biblatex)                If you see this message, the .lbx file could not be
(biblatex)                loaded, is faulty or does not contain a definition
(biblatex)                for \mkbibordinal.


Package biblatex Warning: Bibliography string 'june' untranslated
(biblatex)                at entry 'linux_skbuff' on input line 300.


Package biblatex Warning: Bibliography string 'url' untranslated
(biblatex)                at entry 'linux_skbuff' on input line 300.


Package biblatex Warning: Bibliography string 'and' untranslated
(biblatex)                at entry 'mccanne1993bpf' on input line 300.


Package biblatex Warning: Bibliography string 'in' untranslated
(biblatex)                at entry 'mccanne1993bpf' on input line 300.


Package biblatex Warning: Using fallback definition for \mkbibdatelong.
(biblatex)                The command should be defined in the .lbx file.
(biblatex)                If you see this message, the .lbx file could not be
(biblatex)                loaded, is faulty or does not contain a definition
(biblatex)                for \mkbibdatelong.


Package biblatex Warning: Bibliography string 'url' untranslated
(biblatex)                at entry 'mccanne1993bpf' on input line 300.


Package biblatex Warning: Using fallback definition for \mkbibdatelong.
(biblatex)                The command should be defined in the .lbx file.
(biblatex)                If you see this message, the .lbx file could not be
(biblatex)                loaded, is faulty or does not contain a definition
(biblatex)                for \mkbibdatelong.


Package biblatex Warning: Bibliography string 'urlseen' untranslated
(biblatex)                at entry 'linux_bpf_docs' on input line 300.


Package biblatex Warning: Using fallback definition for \mkbibdatelong.
(biblatex)                The command should be defined in the .lbx file.
(biblatex)                If you see this message, the .lbx file could not be
(biblatex)                loaded, is faulty or does not contain a definition
(biblatex)                for \mkbibdatelong.


Package biblatex Warning: Using fallback definition for \mkbibordinal.
(biblatex)                The command should be defined in the .lbx file.
(biblatex)                If you see this message, the .lbx file could not be
(biblatex)                loaded, is faulty or does not contain a definition
(biblatex)                for \mkbibordinal.


Package biblatex Warning: Bibliography string 'june' untranslated
(biblatex)                at entry 'linux_bpf_docs' on input line 300.


Package biblatex Warning: Bibliography string 'url' untranslated
(biblatex)                at entry 'linux_bpf_docs' on input line 300.


Package biblatex Warning: Using fallback definition for \mkbibdatelong.
(biblatex)                The command should be defined in the .lbx file.
(biblatex)                If you see this message, the .lbx file could not be
(biblatex)                loaded, is faulty or does not contain a definition
(biblatex)                for \mkbibdatelong.


Package biblatex Warning: Bibliography string 'urlseen' untranslated
(biblatex)                at entry 'xdp_docs' on input line 300.


Package biblatex Warning: Using fallback definition for \mkbibdatelong.
(biblatex)                The command should be defined in the .lbx file.
(biblatex)                If you see this message, the .lbx file could not be
(biblatex)                loaded, is faulty or does not contain a definition
(biblatex)                for \mkbibdatelong.


Package biblatex Warning: Using fallback definition for \mkbibordinal.
(biblatex)                The command should be defined in the .lbx file.
(biblatex)                If you see this message, the .lbx file could not be
(biblatex)                loaded, is faulty or does not contain a definition
(biblatex)                for \mkbibordinal.


Package biblatex Warning: Bibliography string 'june' untranslated
(biblatex)                at entry 'xdp_docs' on input line 300.


Package biblatex Warning: Bibliography string 'url' untranslated
(biblatex)                at entry 'xdp_docs' on input line 300.


Overfull \hbox (13.85278pt too wide) in paragraph at lines 301--301
[]\T5/ptm/m/n/13 Linux Kernel Documentation, \T5/ptm/m/it/13 eXpress Data Path 
(XDP)\T5/ptm/m/n/13 , 2025. [] 10 []
 []


Package biblatex Warning: Using fallback definition for \mkbibdatelong.
(biblatex)                The command should be defined in the .lbx file.
(biblatex)                If you see this message, the .lbx file could not be
(biblatex)                loaded, is faulty or does not contain a definition
(biblatex)                for \mkbibdatelong.


Overfull \hbox (2.99928pt too wide) in paragraph at lines 301--301
[]\T5/ptm/m/n/13 C. Benvenuti, \T5/ptm/m/it/13 Understanding Linux Network Inte
rnals\T5/ptm/m/n/13 . O'Reilly Media, 2005. 
 []


Package biblatex Warning: Using fallback definition for \mkbibdatelong.
(biblatex)                The command should be defined in the .lbx file.
(biblatex)                If you see this message, the .lbx file could not be
(biblatex)                loaded, is faulty or does not contain a definition
(biblatex)                for \mkbibdatelong.


Package biblatex Warning: Bibliography string 'urlseen' untranslated
(biblatex)                at entry 'cilium_bpf_docs' on input line 300.


Package biblatex Warning: Using fallback definition for \mkbibdatelong.
(biblatex)                The command should be defined in the .lbx file.
(biblatex)                If you see this message, the .lbx file could not be
(biblatex)                loaded, is faulty or does not contain a definition
(biblatex)                for \mkbibdatelong.


Package biblatex Warning: Using fallback definition for \mkbibordinal.
(biblatex)                The command should be defined in the .lbx file.
(biblatex)                If you see this message, the .lbx file could not be
(biblatex)                loaded, is faulty or does not contain a definition
(biblatex)                for \mkbibordinal.


Package biblatex Warning: Bibliography string 'june' untranslated
(biblatex)                at entry 'cilium_bpf_docs' on input line 300.


Package biblatex Warning: Bibliography string 'url' untranslated
(biblatex)                at entry 'cilium_bpf_docs' on input line 300.


Package biblatex Warning: Bibliography string 'and' untranslated
(biblatex)                at entry 'cheswick2003firewalls' on input line 300.


Package biblatex Warning: Using fallback definition for \mkbibdatelong.
(biblatex)                The command should be defined in the .lbx file.
(biblatex)                If you see this message, the .lbx file could not be
(biblatex)                loaded, is faulty or does not contain a definition
(biblatex)                for \mkbibdatelong.


Package biblatex Warning: Bibliography string 'and' untranslated
(biblatex)                at entry 'kurose2017computer' on input line 300.


Package biblatex Warning: Using fallback definition for \mkbibdatelong.
(biblatex)                The command should be defined in the .lbx file.
(biblatex)                If you see this message, the .lbx file could not be
(biblatex)                loaded, is faulty or does not contain a definition
(biblatex)                for \mkbibdatelong.


Package biblatex Warning: Bibliography string 'and' untranslated
(biblatex)                at entry 'scarfone2009guidelines' on input line 300.


Package biblatex Warning: Bibliography string 'and' untranslated
(biblatex)                at entry 'scarfone2009guidelines' on input line 300.


Package biblatex Warning: Using fallback definition for \mkbibdatelong.
(biblatex)                The command should be defined in the .lbx file.
(biblatex)                If you see this message, the .lbx file could not be
(biblatex)                loaded, is faulty or does not contain a definition
(biblatex)                for \mkbibdatelong.


Package biblatex Warning: Bibliography string 'and' untranslated
(biblatex)                at entry 'mirkovic2004taxonomy' on input line 300.


Package biblatex Warning: Bibliography string 'jourvol' untranslated
(biblatex)                at entry 'mirkovic2004taxonomy' on input line 300.


Package biblatex Warning: Bibliography string 'number' untranslated
(biblatex)                at entry 'mirkovic2004taxonomy' on input line 300.


Package biblatex Warning: Bibliography string 'pages' untranslated
(biblatex)                at entry 'mirkovic2004taxonomy' on input line 300.


Package biblatex Warning: Using fallback definition for \mkbibdatelong.
(biblatex)                The command should be defined in the .lbx file.
(biblatex)                If you see this message, the .lbx file could not be
(biblatex)                loaded, is faulty or does not contain a definition
(biblatex)                for \mkbibdatelong.


Overfull \hbox (12.70717pt too wide) in paragraph at lines 301--301
\T5/ptm/m/n/13 mechanisms,'' \T5/ptm/m/it/13 ACM SIGCOMM Computer Communication
 Review\T5/ptm/m/n/13 , [] 34,
 []


Package biblatex Warning: Bibliography string 'and' untranslated
(biblatex)                at entry 'cambiaso2013slow' on input line 300.


Package biblatex Warning: Bibliography string 'jourvol' untranslated
(biblatex)                at entry 'cambiaso2013slow' on input line 300.


Package biblatex Warning: Bibliography string 'number' untranslated
(biblatex)                at entry 'cambiaso2013slow' on input line 300.


Package biblatex Warning: Bibliography string 'pages' untranslated
(biblatex)                at entry 'cambiaso2013slow' on input line 300.


Package biblatex Warning: Using fallback definition for \mkbibdatelong.
(biblatex)                The command should be defined in the .lbx file.
(biblatex)                If you see this message, the .lbx file could not be
(biblatex)                loaded, is faulty or does not contain a definition
(biblatex)                for \mkbibdatelong.


Package biblatex Warning: Bibliography string 'and' untranslated
(biblatex)                at entry 'floyd1993random' on input line 300.


Package biblatex Warning: Bibliography string 'jourvol' untranslated
(biblatex)                at entry 'floyd1993random' on input line 300.


Package biblatex Warning: Bibliography string 'number' untranslated
(biblatex)                at entry 'floyd1993random' on input line 300.


Package biblatex Warning: Bibliography string 'pages' untranslated
(biblatex)                at entry 'floyd1993random' on input line 300.


Package biblatex Warning: Using fallback definition for \mkbibdatelong.
(biblatex)                The command should be defined in the .lbx file.
(biblatex)                If you see this message, the .lbx file could not be
(biblatex)                loaded, is faulty or does not contain a definition
(biblatex)                for \mkbibdatelong.

[25

]

Package biblatex Warning: Bibliography string 'andothers' untranslated
(biblatex)                at entry 'rfc2309' on input line 300.


Package biblatex Warning: Using fallback definition for \mkbibdatelong.
(biblatex)                The command should be defined in the .lbx file.
(biblatex)                If you see this message, the .lbx file could not be
(biblatex)                loaded, is faulty or does not contain a definition
(biblatex)                for \mkbibdatelong.


Overfull \hbox (19.7785pt too wide) in paragraph at lines 301--301
[]\T5/ptm/m/n/13 B. Braden [], ``Recommendations on queue management and conges
tion
 []


Package biblatex Warning: Using fallback definition for \mkbibdatelong.
(biblatex)                The command should be defined in the .lbx file.
(biblatex)                If you see this message, the .lbx file could not be
(biblatex)                loaded, is faulty or does not contain a definition
(biblatex)                for \mkbibdatelong.


Package biblatex Warning: Bibliography string 'urlseen' untranslated
(biblatex)                at entry 'maxmind2025mmdb' on input line 300.


Package biblatex Warning: Using fallback definition for \mkbibdatelong.
(biblatex)                The command should be defined in the .lbx file.
(biblatex)                If you see this message, the .lbx file could not be
(biblatex)                loaded, is faulty or does not contain a definition
(biblatex)                for \mkbibdatelong.


Package biblatex Warning: Using fallback definition for \mkbibordinal.
(biblatex)                The command should be defined in the .lbx file.
(biblatex)                If you see this message, the .lbx file could not be
(biblatex)                loaded, is faulty or does not contain a definition
(biblatex)                for \mkbibordinal.


Package biblatex Warning: Bibliography string 'june' untranslated
(biblatex)                at entry 'maxmind2025mmdb' on input line 300.


Package biblatex Warning: Bibliography string 'url' untranslated
(biblatex)                at entry 'maxmind2025mmdb' on input line 300.


Package biblatex Warning: Using fallback definition for \mkbibdatelong.
(biblatex)                The command should be defined in the .lbx file.
(biblatex)                If you see this message, the .lbx file could not be
(biblatex)                loaded, is faulty or does not contain a definition
(biblatex)                for \mkbibdatelong.


Package biblatex Warning: Bibliography string 'urlseen' untranslated
(biblatex)                at entry 'suricata_docs' on input line 300.


Package biblatex Warning: Using fallback definition for \mkbibdatelong.
(biblatex)                The command should be defined in the .lbx file.
(biblatex)                If you see this message, the .lbx file could not be
(biblatex)                loaded, is faulty or does not contain a definition
(biblatex)                for \mkbibdatelong.


Package biblatex Warning: Using fallback definition for \mkbibordinal.
(biblatex)                The command should be defined in the .lbx file.
(biblatex)                If you see this message, the .lbx file could not be
(biblatex)                loaded, is faulty or does not contain a definition
(biblatex)                for \mkbibordinal.


Package biblatex Warning: Bibliography string 'june' untranslated
(biblatex)                at entry 'suricata_docs' on input line 300.


Package biblatex Warning: Bibliography string 'url' untranslated
(biblatex)                at entry 'suricata_docs' on input line 300.


Package biblatex Warning: Bibliography string 'jourvol' untranslated
(biblatex)                at entry 'ayuso2006netfilter' on input line 300.


Package biblatex Warning: Bibliography string 'number' untranslated
(biblatex)                at entry 'ayuso2006netfilter' on input line 300.


Package biblatex Warning: Bibliography string 'pages' untranslated
(biblatex)                at entry 'ayuso2006netfilter' on input line 300.


Package biblatex Warning: Using fallback definition for \mkbibdatelong.
(biblatex)                The command should be defined in the .lbx file.
(biblatex)                If you see this message, the .lbx file could not be
(biblatex)                loaded, is faulty or does not contain a definition
(biblatex)                for \mkbibdatelong.


Package fancyhdr Warning: \headheight is too small (10.0pt): 
(fancyhdr)                Make it at least 15.977pt, for example:
(fancyhdr)                \setlength{\headheight}{15.977pt}.
(fancyhdr)                You might also make \topmargin smaller:
(fancyhdr)                \addtolength{\topmargin}{-5.977pt}.

[26] [27

]
PHß╗ż Lß╗żC A.
(./Chuong/Phu_luc_A.tex
Underfull \vbox (badness 10000) has occurred while \output is active []

 [28

]
Underfull \vbox (badness 10000) has occurred while \output is active []



Package fancyhdr Warning: \headheight is too small (10.0pt): 
(fancyhdr)                Make it at least 17.97902pt, for example:
(fancyhdr)                \setlength{\headheight}{17.97902pt}.
(fancyhdr)                You might also make \topmargin smaller:
(fancyhdr)                \addtolength{\topmargin}{-7.97902pt}.

[29]
<Hinh_ve/IoT.png, id=1063, 931.48pt x 523.9575pt>
File: Hinh_ve/IoT.png Graphic file (type png)
<use Hinh_ve/IoT.png>
Package pdftex.def Info: Hinh_ve/IoT.png  used on input line 81.
(pdftex.def)             Requested size: 320.0935pt x 180.05399pt.


Package fancyhdr Warning: \headheight is too small (10.0pt): 
(fancyhdr)                Make it at least 17.97902pt, for example:
(fancyhdr)                \setlength{\headheight}{17.97902pt}.
(fancyhdr)                You might also make \topmargin smaller:
(fancyhdr)                \addtolength{\topmargin}{-7.97902pt}.

[30 <./Hinh_ve/IoT.png>]

LaTeX Warning: Citation 'scott2013sdn' on page 31 undefined on input line 93.


LaTeX Warning: Citation 'ashton2009internet' on page 31 undefined on input line
 93.


Overfull \hbox (14.86223pt too wide) in paragraph at lines 93--94
[]\T5/ptm/m/n/13 . C÷ th║, sinh viČn s¹ d÷ng l╗nh [][]\T5/pcr/m/n/13 \cite{} []
\T5/ptm/m/n/13 nh„ sau [].
 []

<Hinh_ve/Bia.PNG, id=1076, 313.77225pt x 331.83975pt>
File: Hinh_ve/Bia.PNG Graphic file (type png)
<use Hinh_ve/Bia.PNG>
Package pdftex.def Info: Hinh_ve/Bia.PNG  used on input line 114.
(pdftex.def)             Requested size: 213.39568pt x 225.68349pt.
<Hinh_ve/GayBia.PNG, id=1077, 420.97275pt x 479.99326pt>
File: Hinh_ve/GayBia.PNG Graphic file (type png)
<use Hinh_ve/GayBia.PNG>
Package pdftex.def Info: Hinh_ve/GayBia.PNG  used on input line 126.
(pdftex.def)             Requested size: 213.39568pt x 243.31384pt.
)

Package fancyhdr Warning: \headheight is too small (10.0pt): 
(fancyhdr)                Make it at least 17.97902pt, for example:
(fancyhdr)                \setlength{\headheight}{17.97902pt}.
(fancyhdr)                You might also make \topmargin smaller:
(fancyhdr)                \addtolength{\topmargin}{-7.97902pt}.

[31]

Package fancyhdr Warning: \headheight is too small (10.0pt): 
(fancyhdr)                Make it at least 17.97902pt, for example:
(fancyhdr)                \setlength{\headheight}{17.97902pt}.
(fancyhdr)                You might also make \topmargin smaller:
(fancyhdr)                \addtolength{\topmargin}{-7.97902pt}.

[32 <./Hinh_ve/Bia.PNG> <./Hinh_ve/GayBia.PNG>]
PHß╗ż Lß╗żC B.
(./Chuong/Phu_luc_B.tex) [33

] (./DoAn.aux)
 ***********
LaTeX2e <2025-11-01>
L3 programming layer <2026-03-20>
 ***********


LaTeX Font Warning: Size substitutions with differences
(Font)              up to 1.0pt have occurred.


LaTeX Warning: There were undefined references.


LaTeX Warning: There were multiply-defined labels.

Package rerunfilecheck Info: File `DoAn.out' has not changed.
(rerunfilecheck)             Checksum: C8EB47A27660EE61DD0B238F9BD271FA;24091.

Package biblatex Warning: Please (re)run BibTeX on the file(s):
(biblatex)                DoAn
(biblatex)                and rerun LaTeX afterwards.

Package logreq Info: Writing requests to 'DoAn.run.xml'.
\openout1 = `DoAn.run.xml'.

 ) 
Here is how much of TeX's memory you used:
 34422 strings out of 467349
 642449 string characters out of 5417750
 1350375 words of memory out of 5000000
 62781 multiletter control sequences out of 15000+600000
 666643 words of font info for 78 fonts, out of 8000000 for 9000
 1141 hyphenation exceptions out of 8191
 108i,12n,107p,2505b,1520s stack positions out of 10000i,1000n,20000p,200000b,200000s
</opt/texlive/texdir/texmf-dist/fonts/type1/public/amsfonts/cm/cmex10.pfb></o
pt/texlive/texdir/texmf-dist/fonts/type1/public/amsfonts/cm/cmmi12.pfb></opt/te
xlive/texdir/texmf-dist/fonts/type1/public/amsfonts/cm/cmmi9.pfb></opt/texlive/
texdir/texmf-dist/fonts/type1/public/amsfonts/cm/cmr12.pfb></opt/texlive/texdir
/texmf-dist/fonts/type1/public/amsfonts/cm/cmr9.pfb></opt/texlive/texdir/texmf-
dist/fonts/type1/public/amsfonts/cm/cmsy10.pfb></opt/texlive/texdir/texmf-dist/
fonts/type1/public/amsfonts/cm/cmsy9.pfb></opt/texlive/texdir/texmf-dist/fonts/
type1/vntex/urwvn/ucrr8v.pfb></opt/texlive/texdir/texmf-dist/fonts/type1/vntex/
urwvn/utmb8v.pfb></opt/texlive/texdir/texmf-dist/fonts/type1/urw/times/utmr8a.p
fb></opt/texlive/texdir/texmf-dist/fonts/type1/vntex/urwvn/utmr8v.pfb></opt/tex
live/texdir/texmf-dist/fonts/type1/vntex/urwvn/utmri8v.pfb>
Output written on DoAn.pdf (48 pages, 865344 bytes).
PDF statistics:
 1200 PDF objects out of 1200 (max. 8388607)
 987 compressed objects within 10 object streams
 198 named destinations out of 1000 (max. 500000)
 1008 words of extra memory for PDF output out of 10000 (max. 10000000)

