\BOOKMARK [0][-]{chapter.1}{\376\377\000G\000I\036\332\000I\000\040\000T\000H\000I\036\306\000U\000\040\001\020\036\300\000\040\000T\000\300\000I}{}% 1
\BOOKMARK [1][-]{section.1.1}{\376\377\001\020\036\267\000t\000\040\000v\036\245\000n\000\040\001\021\036\301}{chapter.1}% 2
\BOOKMARK [1][-]{section.1.2}{\376\377\000C\000\341\000c\000\040\000g\000i\036\243\000i\000\040\000p\000h\000\341\000p\000\040\000h\000i\036\307\000n\000\040\000t\036\241\000i\000\040\000v\000\340\000\040\000h\036\241\000n\000\040\000c\000h\036\277}{chapter.1}% 3
\BOOKMARK [1][-]{section.1.3}{\376\377\000M\036\345\000c\000\040\000t\000i\000\352\000u\000\040\000v\000\340\000\040\001\021\036\313\000n\000h\000\040\000h\001\260\036\333\000n\000g\000\040\000g\000i\036\243\000i\000\040\000p\000h\000\341\000p}{chapter.1}% 4
\BOOKMARK [1][-]{section.1.4}{\376\377\001\020\000\363\000n\000g\000\040\000g\000\363\000p\000\040\000c\036\347\000a\000\040\001\021\036\323\000\040\000\341\000n}{chapter.1}% 5
\BOOKMARK [1][-]{section.1.5}{\376\377\000B\036\321\000\040\000c\036\345\000c\000\040\001\021\036\323\000\040\000\341\000n}{chapter.1}% 6
\BOOKMARK [0][-]{chapter.2}{\376\377\000N\036\300\000N\000\040\000T\036\242\000N\000G\000\040\000L\000\335\000\040\000T\000H\000U\000Y\036\276\000T}{}% 7
\BOOKMARK [1][-]{section.2.1}{\376\377\000N\000g\036\357\000\040\000c\036\243\000n\000h\000\040\000c\036\347\000a\000\040\000b\000\340\000i\000\040\000t\000o\000\341\000n}{chapter.2}% 8
\BOOKMARK [1][-]{section.2.2}{\376\377\000C\000\341\000c\000\040\000k\036\277\000t\000\040\000q\000u\036\243\000\040\000n\000g\000h\000i\000\352\000n\000\040\000c\036\351\000u\000\040\000t\001\260\001\241\000n\000g\000\040\000t\036\361}{chapter.2}% 9
\BOOKMARK [1][-]{section.2.3}{\376\377\000L\000i\000n\000u\000x\000\040\000N\000e\000t\000w\000o\000r\000k\000i\000n\000g\000\040\000S\000t\000a\000c\000k}{chapter.2}% 10
\BOOKMARK [1][-]{section.2.4}{\376\377\000e\000B\000P\000F}{chapter.2}% 11
\BOOKMARK [2][-]{subsection.2.4.1}{\376\377\000L\036\313\000c\000h\000\040\000s\036\355\000\040\000v\000\340\000\040\000t\036\325\000n\000g\000\040\000q\000u\000a\000n}{section.2.4}% 12
\BOOKMARK [2][-]{subsection.2.4.2}{\376\377\000C\001\241\000\040\000c\000h\036\277\000\040\000h\000o\036\241\000t\000\040\001\021\036\331\000n\000g}{section.2.4}% 13
\BOOKMARK [2][-]{subsection.2.4.3}{\376\377\000B\000P\000F\000\040\000M\000a\000p\000s}{section.2.4}% 14
\BOOKMARK [1][-]{section.2.5}{\376\377\000X\000D\000P}{chapter.2}% 15
\BOOKMARK [2][-]{subsection.2.5.1}{\376\377\000T\036\325\000n\000g\000\040\000q\000u\000a\000n\000\040\000v\000\340\000\040\000v\036\313\000\040\000t\000r\000\355\000\040\000t\000r\000o\000n\000g\000\040\000k\000e\000r\000n\000e\000l}{section.2.5}% 16
\BOOKMARK [2][-]{subsection.2.5.2}{\376\377\000C\000\341\000c\000\040\000c\000h\036\277\000\040\001\021\036\331\000\040\000h\000o\036\241\000t\000\040\001\021\036\331\000n\000g}{section.2.5}% 17
\BOOKMARK [2][-]{subsection.2.5.3}{\376\377\000C\000\341\000c\000\040\000r\000e\000t\000u\000r\000n\000\040\000c\000o\000d\000e}{section.2.5}% 18
\BOOKMARK [2][-]{subsection.2.5.4}{\376\377\000S\000o\000\040\000s\000\341\000n\000h\000\040\000h\000i\036\307\000u\000\040\000n\001\003\000n\000g\000\040\000v\036\333\000i\000\040\000i\000p\000t\000a\000b\000l\000e\000s}{section.2.5}% 19
\BOOKMARK [1][-]{section.2.6}{\376\377\000F\000i\000r\000e\000w\000a\000l\000l\000\040\000p\000h\000\342\000n\000\040\000t\036\247\000n\000g}{chapter.2}% 20
\BOOKMARK [2][-]{subsection.2.6.1}{\376\377\000L\036\315\000c\000\040\000g\000\363\000i\000\040\000t\000i\000n\000\040\000t\036\247\000n\000g\000\040\0003\000,\000\040\000t\036\247\000n\000g\000\040\0004}{section.2.6}% 21
\BOOKMARK [2][-]{subsection.2.6.2}{\376\377\000L\036\315\000c\000\040\000t\000r\036\241\000n\000g\000\040\000t\000h\000\341\000i\000\040\000t\036\247\000n\000g\000\040\0004}{section.2.6}% 22
\BOOKMARK [2][-]{subsection.2.6.3}{\376\377\000K\000i\036\303\000m\000\040\000t\000r\000a\000\040\000g\000\363\000i\000\040\000t\000i\000n\000\040\000t\036\247\000n\000g\000\040\0007}{section.2.6}% 23
\BOOKMARK [1][-]{section.2.7}{\376\377\000C\000\341\000c\000\040\000d\036\241\000n\000g\000\040\000t\036\245\000n\000\040\000c\000\364\000n\000g\000\040\000t\036\353\000\040\000c\000h\036\321\000i\000\040\000d\036\313\000c\000h\000\040\000v\036\345}{chapter.2}% 24
\BOOKMARK [2][-]{subsection.2.7.1}{\376\377\000T\036\245\000n\000\040\000c\000\364\000n\000g\000\040\000S\000Y\000N\000\040\000F\000l\000o\000o\000d}{section.2.7}% 25
\BOOKMARK [2][-]{subsection.2.7.2}{\376\377\000T\036\245\000n\000\040\000c\000\364\000n\000g\000\040\000U\000D\000P\000\040\000F\000l\000o\000o\000d}{section.2.7}% 26
\BOOKMARK [2][-]{subsection.2.7.3}{\376\377\000T\036\245\000n\000\040\000c\000\364\000n\000g\000\040\000H\000T\000T\000P\000\040\000F\000l\000o\000o\000d}{section.2.7}% 27
\BOOKMARK [2][-]{subsection.2.7.4}{\376\377\000S\000l\000o\000w\000l\000o\000r\000i\000s}{section.2.7}% 28
\BOOKMARK [2][-]{subsection.2.7.5}{\376\377\000I\000P\000\040\000S\000p\000o\000o\000f\000i\000n\000g\000\040\000v\000\340\000\040\000R\000a\000n\000d\000o\000m\000\040\000S\000o\000u\000r\000c\000e\000\040\000F\000l\000o\000o\000d\000i\000n\000g}{section.2.7}% 29
\BOOKMARK [1][-]{section.2.8}{\376\377\000R\000a\000n\000d\000o\000m\000\040\000E\000a\000r\000l\000y\000\040\000D\000e\000t\000e\000c\000t\000i\000o\000n\000\040\000\050\000R\000E\000D\000\051\000\040\000v\000\340\000\040\000W\000e\000i\000g\000h\000t\000e\000d\000\040\000R\000E\000D\000\040\000\050\000W\000R\000E\000D\000\051}{chapter.2}% 30
\BOOKMARK [2][-]{subsection.2.8.1}{\376\377\000C\001\241\000\040\000c\000h\036\277\000\040\000R\000a\000n\000d\000o\000m\000\040\000E\000a\000r\000l\000y\000\040\000D\000e\000t\000e\000c\000t\000i\000o\000n\000\040\000\050\000R\000E\000D\000\051}{section.2.8}% 31
\BOOKMARK [2][-]{subsection.2.8.2}{\376\377\000W\000e\000i\000g\000h\000t\000e\000d\000\040\000R\000E\000D\000\040\000v\000\340\000\040\001\260\000u\000\040\000t\000i\000\352\000n\000\040\000t\000h\000e\000o\000\040\000l\000o\036\241\000i\000\040\000t\000r\000a\000f\000f\000i\000c}{section.2.8}% 32
\BOOKMARK [2][-]{subsection.2.8.3}{\376\377\036\350\000n\000g\000\040\000d\036\345\000n\000g\000\040\000P\000r\000o\000b\000a\000b\000i\000l\000i\000s\000t\000i\000c\000\040\000D\000r\000o\000p\000\040\000t\000r\000o\000n\000g\000\040\000m\000\364\000i\000\040\000t\000r\001\260\036\335\000n\000g\000\040\000D\000D\000o\000S}{section.2.8}% 33
\BOOKMARK [1][-]{section.2.9}{\376\377\000G\000e\000o\000I\000P\000,\000\040\000A\000S\000N\000\040\000v\000\340\000\040\001\021\036\313\000n\000h\000\040\000d\036\241\000n\000g\000\040\000M\000M\000D\000B}{chapter.2}% 34
\BOOKMARK [2][-]{subsection.2.9.1}{\376\377\000T\000\352\000n\000\040\000c\036\347\000a\000\040\000k\000i\036\277\000n\000\040\000t\000h\036\351\000c\000\040\000n\036\301\000n\000\040\000t\036\243\000n\000g\000\040\000s\036\321\000\040\0002\000.\0001}{section.2.9}% 35
\BOOKMARK [1][-]{section.2.10}{\376\377\000I\000p\000t\000a\000b\000l\000e\000s\000\040\000v\000\340\000\040\000N\000f\000t\000a\000b\000l\000e\000s}{chapter.2}% 36
\BOOKMARK [1][-]{section.2.11}{\376\377\000S\000u\000r\000i\000c\000a\000t\000a}{chapter.2}% 37
\BOOKMARK [1][-]{section.2.12}{\376\377\000\040\000C\000o\000n\000n\000e\000c\000t\000i\000o\000n\000\040\000T\000r\000a\000c\000k\000i\000n\000g\000\040\000\050\000C\000o\000n\000n\000t\000r\000a\000c\000k\000\051}{chapter.2}% 38
\BOOKMARK [0][-]{chapter.3}{\376\377\000P\000H\001\257\001\240\000N\000G\000\040\000P\000H\000\301\000P\000\040\001\020\036\300\000\040\000X\000U\036\244\000T}{}% 39
\BOOKMARK [1][-]{section.3.1}{\376\377\000T\036\325\000n\000g\000\040\000q\000u\000a\000n\000\040\000g\000i\036\243\000i\000\040\000p\000h\000\341\000p}{chapter.3}% 40
\BOOKMARK [1][-]{section.3.2}{\376\377\000P\000h\000\341\000t\000\040\000b\000i\036\303\000u\000\040\000b\000\340\000i\000\040\000t\000o\000\341\000n}{chapter.3}% 41
\BOOKMARK [1][-]{section.3.3}{\376\377\000K\000i\036\277\000n\000\040\000t\000r\000\372\000c\000\040\000H\000y\000b\000r\000i\000d\000\040\000F\000i\000r\000e\000w\000a\000l\000l\000\040\000t\036\325\000n\000g\000\040\000t\000h\036\303}{chapter.3}% 42
\BOOKMARK [1][-]{section.3.4}{\376\377\000L\000u\036\323\000n\000g\000\040\000x\036\355\000\040\000l\000\375\000\040\000g\000\363\000i\000\040\000t\000i\000n}{chapter.3}% 43
\BOOKMARK [1][-]{section.3.5}{\376\377\000T\000h\000i\036\277\000t\000\040\000k\036\277\000\040\000T\000i\000e\000r\000\040\0001\000\040\040\024\000\040\000A\000d\000a\000p\000t\000i\000v\000e\000\040\000M\000i\000t\000i\000g\000a\000t\000i\000o\000n}{chapter.3}% 44
\BOOKMARK [2][-]{subsection.3.5.1}{\376\377\000T\036\325\000n\000g\000\040\000q\000u\000a\000n\000\040\000T\000i\000e\000r\000\040\0001}{section.3.5}% 45
\BOOKMARK [2][-]{subsection.3.5.2}{\376\377\000g\000e\000o\000\137\000t\000r\000u\000s\000t\000\137\000m\000a\000p}{section.3.5}% 46
\BOOKMARK [2][-]{subsection.3.5.3}{\376\377\000t\000r\000u\000s\000t\000e\000d\000\137\000m\000a\000p}{section.3.5}% 47
\BOOKMARK [2][-]{subsection.3.5.4}{\376\377\000m\000i\000t\000i\000g\000a\000t\000i\000o\000n\000\137\000m\000a\000p}{section.3.5}% 48
\BOOKMARK [2][-]{subsection.3.5.5}{\376\377\000C\001\241\000\040\000c\000h\036\277\000\040\000P\000r\000o\000b\000a\000b\000i\000l\000i\000s\000t\000i\000c\000\040\000D\000r\000o\000p}{section.3.5}% 49
\BOOKMARK [1][-]{section.3.6}{\376\377\000T\000h\000i\036\277\000t\000\040\000k\036\277\000\040\000T\000i\000e\000r\000\040\0002\000\040\040\024\000\040\000P\000e\000r\000-\000I\000P\000\040\000D\000e\000f\000e\000n\000s\000e}{chapter.3}% 50
\BOOKMARK [2][-]{subsection.3.6.1}{\376\377\000T\036\325\000n\000g\000\040\000q\000u\000a\000n\000\040\000T\000i\000e\000r\000\040\0002}{section.3.6}% 51
\BOOKMARK [2][-]{subsection.3.6.2}{\376\377\000r\000a\000t\000e\000\137\000l\000i\000m\000i\000t\000\137\000m\000a\000p}{section.3.6}% 52
\BOOKMARK [2][-]{subsection.3.6.3}{\376\377\000a\000u\000t\000o\000\137\000b\000l\000o\000c\000k\000\137\000m\000a\000p}{section.3.6}% 53
\BOOKMARK [2][-]{subsection.3.6.4}{\376\377\000s\000u\000b\000n\000e\000t\000\137\000m\000a\000p\000\040\000v\000\340\000\040\000r\000u\000l\000e\000\137\000m\000a\000p}{section.3.6}% 54
\BOOKMARK [1][-]{section.3.7}{\376\377\000W\000a\000t\000c\000h\000e\000r\000\040\000D\000a\000e\000m\000o\000n\000\040\000v\000\340\000\040\000c\001\241\000\040\000c\000h\036\277\000\040\000A\000d\000a\000p\000t\000i\000v\000e}{chapter.3}% 55
\BOOKMARK [2][-]{subsection.3.7.1}{\376\377\000K\000i\036\277\000n\000\040\000t\000r\000\372\000c\000\040\000W\000a\000t\000c\000h\000e\000r}{section.3.7}% 56
\BOOKMARK [2][-]{subsection.3.7.2}{\376\377\000T\000e\000l\000e\000m\000e\000t\000r\000y\000\040\000v\000\340\000\040\000S\000l\000i\000d\000i\000n\000g\000\040\000W\000i\000n\000d\000o\000w}{section.3.7}% 57
\BOOKMARK [2][-]{subsection.3.7.3}{\376\377\000H\000y\000s\000t\000e\000r\000e\000s\000i\000s\000\040\040\024\000\040\000E\000s\000c\000a\000l\000a\000t\000i\000o\000n\000\040\000v\000\340\000\040\000D\000e\000-\000e\000s\000c\000a\000l\000a\000t\000i\000o\000n}{section.3.7}% 58
\BOOKMARK [2][-]{subsection.3.7.4}{\376\377\000T\000\355\000c\000h\000\040\000h\036\343\000p\000\040\000t\000\355\000n\000\040\000h\000i\036\307\000u\000\040\000t\036\353\000\040\000S\000u\000r\000i\000c\000a\000t\000a\000\040\000v\000\340\000\040\000I\000p\000t\000a\000b\000l\000e\000s}{section.3.7}% 59
\BOOKMARK [2][-]{subsection.3.7.5}{\376\377\000C\001\241\000\040\000c\000h\036\277\000\040\000M\000a\000n\000u\000a\000l\000\040\000O\000v\000e\000r\000r\000i\000d\000e}{section.3.7}% 60
\BOOKMARK [1][-]{section.3.8}{\376\377\000C\000o\000n\000t\000r\000o\000l\000\040\000P\000l\000a\000n\000e}{chapter.3}% 61
\BOOKMARK [2][-]{subsection.3.8.1}{\376\377\000G\000o\000\040\000C\000o\000n\000t\000r\000o\000l\000l\000e\000r}{section.3.8}% 62
\BOOKMARK [2][-]{subsection.3.8.2}{\376\377\000C\000o\000n\000n\000t\000r\000a\000c\000k\000\040\000L\000i\000s\000t\000e\000n\000e\000r\000\040\000v\000\340\000\040\000t\000r\000u\000s\000t\000e\000d\000\137\000m\000a\000p}{section.3.8}% 63
\BOOKMARK [2][-]{subsection.3.8.3}{\376\377\000A\000d\000m\000i\000n\000\040\000S\000e\000e\000d\000\040\000v\000\340\000\040\000g\000e\000o\000\137\000t\000r\000u\000s\000t\000\137\000m\000a\000p}{section.3.8}% 64
\BOOKMARK [2][-]{subsection.3.8.4}{\376\377\000T\000h\000i\036\277\000t\000\040\000k\036\277\000\040\000R\000E\000S\000T\000\040\000A\000P\000I}{section.3.8}% 65
\BOOKMARK [1][-]{section.3.9}{\376\377\000N\000g\000u\000y\000\352\000n\000\040\000t\036\257\000c\000\040\000t\000h\000i\036\277\000t\000\040\000k\036\277}{chapter.3}% 66
\BOOKMARK [0][-]{chapter.4}{\376\377\000T\000R\000I\036\302\000N\000\040\000K\000H\000A\000I\000\040\000H\036\306\000\040\000T\000H\036\320\000N\000G}{}% 67
\BOOKMARK [1][-]{section.4.1}{\376\377\000M\000\364\000i\000\040\000t\000r\001\260\036\335\000n\000g\000\040\000t\000r\000i\036\303\000n\000\040\000k\000h\000a\000i}{chapter.4}% 68
\BOOKMARK [2][-]{subsection.4.1.1}{\376\377\000C\036\245\000u\000\040\000h\000\354\000n\000h\000\040\000p\000h\036\247\000n\000\040\000c\036\351\000n\000g}{section.4.1}% 69
\BOOKMARK [2][-]{subsection.4.1.2}{\376\377\000C\036\245\000u\000\040\000h\000\354\000n\000h\000\040\000p\000h\036\247\000n\000\040\000m\036\301\000m}{section.4.1}% 70
\BOOKMARK [2][-]{subsection.4.1.3}{\376\377\000M\000\364\000\040\000h\000\354\000n\000h\000\040\000m\000\341\000y\000\040\036\243\000o}{section.4.1}% 71
\BOOKMARK [1][-]{section.4.2}{\376\377\000C\036\245\000u\000\040\000t\000r\000\372\000c\000\040\000m\000\343\000\040\000n\000g\000u\036\323\000n}{chapter.4}% 72
\BOOKMARK [2][-]{subsection.4.2.1}{\376\377\000T\036\325\000n\000g\000\040\000q\000u\000a\000n\000\040\000c\036\245\000u\000\040\000t\000r\000\372\000c\000\040\000t\000h\001\260\000\040\000m\036\345\000c}{section.4.2}% 73
\BOOKMARK [2][-]{subsection.4.2.2}{\376\377\000P\000h\036\247\000n\000\040\000k\036\277\000\040\000t\000h\036\353\000a\000\040\000v\000\340\000\040\000p\000h\036\247\000n\000\040\000m\036\337\000\040\000r\036\331\000n\000g}{section.4.2}% 74
\BOOKMARK [1][-]{section.4.3}{\376\377\000C\000\341\000c\000\040\000t\000h\000\340\000n\000h\000\040\000p\000h\036\247\000n\000\040\000c\000h\000\355\000n\000h}{chapter.4}% 75
\BOOKMARK [2][-]{subsection.4.3.1}{\376\377\000X\000D\000P\000\040\000P\000r\000o\000g\000r\000a\000m}{section.4.3}% 76
\BOOKMARK [2][-]{subsection.4.3.2}{\376\377\000G\000o\000\040\000C\000o\000n\000t\000r\000o\000l\000l\000e\000r}{section.4.3}% 77
\BOOKMARK [2][-]{subsection.4.3.3}{\376\377\000R\000E\000S\000T\000\040\000A\000P\000I}{section.4.3}% 78
\BOOKMARK [2][-]{subsection.4.3.4}{\376\377\000W\000e\000b\000\040\000U\000I}{section.4.3}% 79
\BOOKMARK [1][-]{section.4.4}{\376\377\000C\000\341\000c\000\040\000c\000h\036\351\000c\000\040\000n\001\003\000n\000g\000\040\000c\000h\000\355\000n\000h}{chapter.4}% 80
\BOOKMARK [2][-]{subsection.4.4.1}{\376\377\000Q\000u\036\243\000n\000\040\000l\000\375\000\040\000R\000u\000l\000e}{section.4.4}% 81
\BOOKMARK [2][-]{subsection.4.4.2}{\376\377\000Q\000u\036\243\000n\000\040\000l\000\375\000\040\000T\000i\000e\000r\000\040\0001}{section.4.4}% 82
\BOOKMARK [2][-]{subsection.4.4.3}{\376\377\000Q\000u\036\243\000n\000\040\000l\000\375\000\040\000T\000i\000e\000r\000\040\0002}{section.4.4}% 83
\BOOKMARK [2][-]{subsection.4.4.4}{\376\377\000T\000h\000e\000o\000\040\000d\000\365\000i\000\040\000T\000e\000l\000e\000m\000e\000t\000r\000y}{section.4.4}% 84
\BOOKMARK [1][-]{section.4.5}{\376\377\000K\036\277\000t\000\040\000q\000u\036\243\000\040\000t\000r\000i\036\303\000n\000\040\000k\000h\000a\000i}{chapter.4}% 85
\BOOKMARK [0][-]{chapter.5}{\376\377\000T\000H\036\360\000C\000\040\000N\000G\000H\000I\036\306\000M\000\040\000V\000\300\000\040\001\020\000\301\000N\000H\000\040\000G\000I\000\301}{}% 86
\BOOKMARK [1][-]{section.5.1}{\376\377\000M\000\364\000\040\000h\000\354\000n\000h\000\040\000t\000h\036\361\000c\000\040\000n\000g\000h\000i\036\307\000m}{chapter.5}% 87
\BOOKMARK [2][-]{subsection.5.1.1}{\376\377\000M\000\364\000\040\000h\000\354\000n\000h\000\040\000h\036\307\000\040\000t\000h\036\321\000n\000g}{section.5.1}% 88
\BOOKMARK [2][-]{subsection.5.1.2}{\376\377\000C\000\364\000n\000g\000\040\000c\036\345\000\040\000v\000\340\000\040\000p\000h\001\260\001\241\000n\000g\000\040\000p\000h\000\341\000p\000\040\001\021\000o\000\040\000l\001\260\036\335\000n\000g}{section.5.1}% 89
\BOOKMARK [2][-]{subsection.5.1.3}{\376\377\000C\000\341\000c\000\040\000t\000h\000a\000m\000\040\000s\036\321\000\040\001\021\000\341\000n\000h\000\040\000g\000i\000\341}{section.5.1}% 90
\BOOKMARK [1][-]{section.5.2}{\376\377\000K\036\313\000c\000h\000\040\000b\036\243\000n\000\040\000B\000a\000s\000e\000l\000i\000n\000e}{chapter.5}% 91
\BOOKMARK [1][-]{section.5.3}{\376\377\000K\036\313\000c\000h\000\040\000b\036\243\000n\000\040\000S\000Y\000N\000\040\000F\000l\000o\000o\000d\000\040\000v\036\333\000i\000\040\000I\000P\000\040\000c\036\321\000\040\001\021\036\313\000n\000h}{chapter.5}% 92
\BOOKMARK [1][-]{section.5.4}{\376\377\000K\036\313\000c\000h\000\040\000b\036\243\000n\000\040\000R\000a\000n\000d\000o\000m\000\040\000S\000o\000u\000r\000c\000e\000\040\000F\000l\000o\000o\000d}{chapter.5}% 93
\BOOKMARK [1][-]{section.5.5}{\376\377\000K\036\313\000c\000h\000\040\000b\036\243\000n\000\040\000H\000T\000T\000P\000\040\000A\000p\000p\000l\000i\000c\000a\000t\000i\000o\000n\000\040\000L\000a\000y\000e\000r\000\040\000A\000t\000t\000a\000c\000k}{chapter.5}% 94
\BOOKMARK [1][-]{section.5.6}{\376\377\000P\000h\000\342\000n\000\040\000t\000\355\000c\000h\000\040\000k\036\277\000t\000\040\000q\000u\036\243}{chapter.5}% 95
\BOOKMARK [2][-]{subsection.5.6.1}{\376\377\000H\000i\036\307\000u\000\040\000q\000u\036\243\000\040\000c\036\347\000a\000\040\000T\000i\000e\000r\000\040\0001\000\040\000v\036\333\000i\000\040\000R\000a\000n\000d\000o\000m\000\040\000S\000o\000u\000r\000c\000e\000\040\000F\000l\000o\000o\000d}{section.5.6}% 96
\BOOKMARK [2][-]{subsection.5.6.2}{\376\377\000H\000i\036\307\000u\000\040\000q\000u\036\243\000\040\000c\036\347\000a\000\040\000T\000i\000e\000r\000\040\0002\000\040\000v\036\333\000i\000\040\000I\000P\000\040\000c\036\321\000\040\001\021\036\313\000n\000h}{section.5.6}% 97
\BOOKMARK [2][-]{subsection.5.6.3}{\376\377\000V\000a\000i\000\040\000t\000r\000\362\000\040\000c\036\347\000a\000\040\000G\000e\000o\000\040\000T\000r\000u\000s\000t}{section.5.6}% 98
\BOOKMARK [2][-]{subsection.5.6.4}{\376\377\000V\000a\000i\000\040\000t\000r\000\362\000\040\000c\036\347\000a\000\040\000S\000u\000r\000i\000c\000a\000t\000a\000\040\000v\000\340\000\040\000I\000p\000t\000a\000b\000l\000e\000s}{section.5.6}% 99
\BOOKMARK [1][-]{section.5.7}{\376\377\000H\036\241\000n\000\040\000c\000h\036\277\000\040\000c\036\347\000a\000\040\000h\036\307\000\040\000t\000h\036\321\000n\000g}{chapter.5}% 100
\BOOKMARK [0][-]{chapter.6}{\376\377\000K\036\276\000T\000\040\000L\000U\036\254\000N}{}% 101
\BOOKMARK [1][-]{section.6.1}{\376\377\000K\036\277\000t\000\040\000l\000u\036\255\000n}{chapter.6}% 102
\BOOKMARK [1][-]{section.6.2}{\376\377\000H\001\260\036\333\000n\000g\000\040\000p\000h\000\341\000t\000\040\000t\000r\000i\036\303\000n\000\040\000t\000r\000o\000n\000g\000\040\000t\001\260\001\241\000n\000g\000\040\000l\000a\000i}{chapter.6}% 103
\BOOKMARK [0][-]{section*.10}{\376\377\000T\000\300\000I\000\040\000L\000I\036\306\000U\000\040\000T\000H\000A\000M\000\040\000K\000H\036\242\000O}{}% 104
\BOOKMARK [0][-]{section*.11}{\376\377\000P\000H\036\344\000\040\000L\036\344\000C}{}% 105
\BOOKMARK [0][-]{appendix.A}{\376\377\000H\001\257\036\332\000N\000G\000\040\000D\036\252\000N\000\040\000V\000I\036\276\000T\000\040\001\020\000A\000T\000N}{}% 106
\BOOKMARK [1][-]{section.A.1}{\376\377\000Q\000u\000y\000\040\001\021\036\313\000n\000h\000\040\000c\000h\000u\000n\000g}{appendix.A}% 107
\BOOKMARK [1][-]{section.A.2}{\376\377\000N\000g\000\340\000n\000h\000\040\000h\036\315\000c}{appendix.A}% 108
\BOOKMARK [1][-]{section.A.3}{\376\377\001\020\000\341\000n\000h\000\040\000d\036\245\000u\000\040\000\050\000b\000u\000l\000l\000e\000t\000\051\000\040\000v\000\340\000\040\001\021\000\341\000n\000h\000\040\000s\036\321\000\040\000\050\000n\000u\000m\000e\000r\000i\000n\000g\000\051}{appendix.A}% 109
\BOOKMARK [1][-]{section.A.4}{\376\377\000C\000\341\000c\000h\000\040\000t\000h\000\352\000m\000\040\000b\036\243\000n\000g}{appendix.A}% 110
\BOOKMARK [1][-]{section.A.5}{\376\377\000C\000h\000\350\000n\000\040\000h\000\354\000n\000h\000\040\036\243\000n\000h}{appendix.A}% 111
\BOOKMARK [1][-]{section.A.6}{\376\377\000T\000\340\000i\000\040\000l\000i\036\307\000u\000\040\000t\000h\000a\000m\000\040\000k\000h\036\243\000o}{appendix.A}% 112
\BOOKMARK [1][-]{section.A.7}{\376\377\000C\000\341\000c\000h\000\040\000v\000i\036\277\000t\000\040\000p\000h\001\260\001\241\000n\000g\000\040\000t\000r\000\354\000n\000h\000\040\000v\000\340\000\040\000c\000\364\000n\000g\000\040\000t\000h\036\351\000c\000\040\000t\000o\000\341\000n\000\040\000h\036\315\000c}{appendix.A}% 113
\BOOKMARK [1][-]{section.A.8}{\376\377\000Q\000u\000i\000\040\000c\000\341\000c\000h\000\040\001\021\000\363\000n\000g\000\040\000q\000u\000y\036\303\000n}{appendix.A}% 114
\BOOKMARK [0][-]{appendix.B}{\376\377\001\020\036\266\000C\000\040\000T\036\242\000\040\000U\000S\000E\000\040\000C\000A\000S\000E}{}% 115
\BOOKMARK [1][-]{section.B.1}{\376\377\001\020\036\267\000c\000\040\000t\036\243\000\040\000u\000s\000e\000\040\000c\000a\000s\000e\000\040\000`\000`\000T\000h\036\321\000n\000g\000\040\000k\000\352\000\040\000t\000\354\000n\000h\000\040\000h\000\354\000n\000h\000\040\000m\001\260\036\343\000n\000\040\000s\000\341\000c\000h\000'\000'}{appendix.B}% 116
\BOOKMARK [1][-]{section.B.2}{\376\377\001\020\036\267\000c\000\040\000t\036\243\000\040\000u\000s\000e\000\040\000c\000a\000s\000e\000\040\000`\000`\001\020\001\003\000n\000g\000\040\000k\000\375\000\040\000l\000\340\000m\000\040\000t\000h\036\273\000\040\000m\001\260\036\343\000n\000'\000'}{appendix.B}% 117
